Martian Runtime - v4.0.2
Serving UI at http://exanode-0-31:36604?auth=zF7k-9gPTf7ZABR02BtSK8Mkr_gRLmaAKiq1MxaqMh0

Running preflight checks (please wait)...
Checking feature definition file...
Checking sample info...
Checking FASTQ folder...
Checking reference...
Checking reference_path (/home/groups/MaxsonLab/analysis/scrna/primary/cellranger_v5/refdata-gex-GRCh38-2020-A) on exanode-0-31...
Checking chemistry...
Checking optional arguments...
mrc: v4.0.2

mrp: v4.0.2

Anaconda: 
numpy: 1.15.4

scipy: 1.1.0

pysam: 0.16.0.1

h5py: 2.8.0

pandas: 0.24.2

STAR: 2.7.2a

samtools: samtools 1.10
Using htslib 1.10.2
Copyright (C) 2019 Genome Research Ltd.

2021-02-08 22:57:40 [runtime] (ready)           ID.ory.SC_RNA_COUNTER_CS.SC_MULTI_CORE.COUNT_ANALYZER.SC_RNA_ANALYZER.CHOOSE_DIMENSION_REDUCTION
2021-02-08 22:57:40 [runtime] (run:local)       ID.ory.SC_RNA_COUNTER_CS.SC_MULTI_CORE.COUNT_ANALYZER.SC_RNA_ANALYZER.CHOOSE_DIMENSION_REDUCTION.fork0.chnk0.main
2021-02-08 22:57:40 [runtime] (ready)           ID.ory.SC_RNA_COUNTER_CS.SC_MULTI_CORE.MULTI_CHEMISTRY_DETECTOR._GEM_WELL_CHEMISTRY_DETECTOR.DETECT_COUNT_CHEMISTRY
2021-02-08 22:57:40 [runtime] (run:local)       ID.ory.SC_RNA_COUNTER_CS.SC_MULTI_CORE.MULTI_CHEMISTRY_DETECTOR._GEM_WELL_CHEMISTRY_DETECTOR.DETECT_COUNT_CHEMISTRY.fork0.chnk0.main
2021-02-08 22:57:41 [runtime] (ready)           ID.ory.SC_RNA_COUNTER_CS.SC_MULTI_CORE.MAKE_FULL_CONFIG._MAKE_VDJ_CONFIG
2021-02-08 22:57:41 [runtime] (run:local)       ID.ory.SC_RNA_COUNTER_CS.SC_MULTI_CORE.MAKE_FULL_CONFIG._MAKE_VDJ_CONFIG.fork0.chnk0.main
2021-02-08 22:57:41 [runtime] (ready)           ID.ory.SC_RNA_COUNTER_CS.SC_MULTI_CORE.DISABLE_FEATURE_STAGES
2021-02-08 22:57:41 [runtime] (run:local)       ID.ory.SC_RNA_COUNTER_CS.SC_MULTI_CORE.DISABLE_FEATURE_STAGES.fork0.chnk0.main
2021-02-08 22:57:41 [runtime] (ready)           ID.ory.SC_RNA_COUNTER_CS.WRITE_GENE_INDEX
2021-02-08 22:57:41 [runtime] (run:local)       ID.ory.SC_RNA_COUNTER_CS.WRITE_GENE_INDEX.fork0.chnk0.main
2021-02-08 22:57:41 [runtime] (ready)           ID.ory.SC_RNA_COUNTER_CS.FULL_COUNT_INPUTS.WRITE_GENE_INDEX
2021-02-08 22:57:41 [runtime] (run:local)       ID.ory.SC_RNA_COUNTER_CS.FULL_COUNT_INPUTS.WRITE_GENE_INDEX.fork0.chnk0.main
2021-02-08 22:57:43 [runtime] (chunks_complete) ID.ory.SC_RNA_COUNTER_CS.SC_MULTI_CORE.COUNT_ANALYZER.SC_RNA_ANALYZER.CHOOSE_DIMENSION_REDUCTION
2021-02-08 22:57:43 [runtime] (chunks_complete) ID.ory.SC_RNA_COUNTER_CS.SC_MULTI_CORE.MAKE_FULL_CONFIG._MAKE_VDJ_CONFIG
2021-02-08 22:57:43 [runtime] (chunks_complete) ID.ory.SC_RNA_COUNTER_CS.SC_MULTI_CORE.DISABLE_FEATURE_STAGES
2021-02-08 22:57:43 [runtime] (ready)           ID.ory.SC_RNA_COUNTER_CS.SC_MULTI_CORE.MULTI_GEM_WELL_PROCESSOR.VDJ_B_GEM_WELL_PROCESSOR.MULTI_SETUP_CHUNKS
2021-02-08 22:57:43 [runtime] (ready)           ID.ory.SC_RNA_COUNTER_CS.SC_MULTI_CORE.MULTI_GEM_WELL_PROCESSOR.VDJ_T_GEM_WELL_PROCESSOR.MULTI_SETUP_CHUNKS
2021-02-08 22:57:44 [runtime] (ready)           ID.ory.SC_RNA_COUNTER_CS.SC_MULTI_CORE.MULTI_GEM_WELL_PROCESSOR.VDJ_B_GEM_WELL_PROCESSOR.SC_VDJ_CONTIG_ASSEMBLER.MAKE_SHARD
2021-02-08 22:57:44 [runtime] (ready)           ID.ory.SC_RNA_COUNTER_CS.SC_MULTI_CORE.MULTI_GEM_WELL_PROCESSOR.VDJ_T_GEM_WELL_PROCESSOR.SC_VDJ_CONTIG_ASSEMBLER.MAKE_SHARD
2021-02-08 22:57:44 [runtime] (ready)           ID.ory.SC_RNA_COUNTER_CS.SC_MULTI_CORE.MULTI_GEM_WELL_PROCESSOR.VDJ_B_GEM_WELL_PROCESSOR.SC_VDJ_CONTIG_ASSEMBLER.BARCODE_CORRECTION
2021-02-08 22:57:44 [runtime] (ready)           ID.ory.SC_RNA_COUNTER_CS.SC_MULTI_CORE.MULTI_GEM_WELL_PROCESSOR.VDJ_T_GEM_WELL_PROCESSOR.SC_VDJ_CONTIG_ASSEMBLER.BARCODE_CORRECTION
2021-02-08 22:57:44 [runtime] (ready)           ID.ory.SC_RNA_COUNTER_CS.SC_MULTI_CORE.MULTI_GEM_WELL_PROCESSOR.VDJ_B_GEM_WELL_PROCESSOR.SC_VDJ_CONTIG_ASSEMBLER.RUST_BRIDGE
2021-02-08 22:57:44 [runtime] (ready)           ID.ory.SC_RNA_COUNTER_CS.SC_MULTI_CORE.MULTI_GEM_WELL_PROCESSOR.VDJ_T_GEM_WELL_PROCESSOR.SC_VDJ_CONTIG_ASSEMBLER.RUST_BRIDGE
2021-02-08 22:57:44 [runtime] (ready)           ID.ory.SC_RNA_COUNTER_CS.SC_MULTI_CORE.MULTI_GEM_WELL_PROCESSOR.VDJ_B_GEM_WELL_PROCESSOR.SC_VDJ_CONTIG_ASSEMBLER.ASSEMBLE_VDJ
2021-02-08 22:57:44 [runtime] (ready)           ID.ory.SC_RNA_COUNTER_CS.SC_MULTI_CORE.MULTI_GEM_WELL_PROCESSOR.VDJ_T_GEM_WELL_PROCESSOR.SC_VDJ_CONTIG_ASSEMBLER.ASSEMBLE_VDJ
2021-02-08 22:57:45 [runtime] (ready)           ID.ory.SC_RNA_COUNTER_CS.SC_MULTI_CORE.MULTI_GEM_WELL_PROCESSOR.VDJ_B_GEM_WELL_PROCESSOR.SC_VDJ_CONTIG_ASSEMBLER.MERGE_METRICS
2021-02-08 22:57:45 [runtime] (ready)           ID.ory.SC_RNA_COUNTER_CS.SC_MULTI_CORE.MULTI_GEM_WELL_PROCESSOR.VDJ_T_GEM_WELL_PROCESSOR.SC_VDJ_CONTIG_ASSEMBLER.MERGE_METRICS
2021-02-08 22:57:58 [runtime] (chunks_complete) ID.ory.SC_RNA_COUNTER_CS.SC_MULTI_CORE.MULTI_CHEMISTRY_DETECTOR._GEM_WELL_CHEMISTRY_DETECTOR.DETECT_COUNT_CHEMISTRY
2021-02-08 22:57:58 [runtime] (ready)           ID.ory.SC_RNA_COUNTER_CS.SC_MULTI_CORE.MULTI_CHEMISTRY_DETECTOR._GEM_WELL_CHEMISTRY_DETECTOR.CHECK_BARCODES_COMPATIBILITY
2021-02-08 22:57:58 [runtime] (run:local)       ID.ory.SC_RNA_COUNTER_CS.SC_MULTI_CORE.MULTI_CHEMISTRY_DETECTOR._GEM_WELL_CHEMISTRY_DETECTOR.CHECK_BARCODES_COMPATIBILITY.fork0.chnk0.main
2021-02-08 22:58:00 [runtime] (chunks_complete) ID.ory.SC_RNA_COUNTER_CS.WRITE_GENE_INDEX
2021-02-08 22:58:01 [runtime] (chunks_complete) ID.ory.SC_RNA_COUNTER_CS.FULL_COUNT_INPUTS.WRITE_GENE_INDEX
2021-02-08 22:58:01 [runtime] (ready)           ID.ory.SC_RNA_COUNTER_CS.SC_MULTI_CORE.MULTI_GEM_WELL_PROCESSOR.COUNT_GEM_WELL_PROCESSOR.PARSE_TARGET_FEATURES
2021-02-08 22:58:01 [runtime] (run:local)       ID.ory.SC_RNA_COUNTER_CS.SC_MULTI_CORE.MULTI_GEM_WELL_PROCESSOR.COUNT_GEM_WELL_PROCESSOR.PARSE_TARGET_FEATURES.fork0.chnk0.main
2021-02-08 22:58:12 [runtime] (chunks_complete) ID.ory.SC_RNA_COUNTER_CS.SC_MULTI_CORE.MULTI_GEM_WELL_PROCESSOR.COUNT_GEM_WELL_PROCESSOR.PARSE_TARGET_FEATURES
2021-02-08 22:58:17 [runtime] (chunks_complete) ID.ory.SC_RNA_COUNTER_CS.SC_MULTI_CORE.MULTI_CHEMISTRY_DETECTOR._GEM_WELL_CHEMISTRY_DETECTOR.CHECK_BARCODES_COMPATIBILITY
2021-02-08 22:58:17 [runtime] (ready)           ID.ory.SC_RNA_COUNTER_CS.SC_MULTI_CORE.MULTI_CHEMISTRY_DETECTOR.COMBINE_GEM_WELL_CHEMISTRIES
2021-02-08 22:58:17 [runtime] (run:local)       ID.ory.SC_RNA_COUNTER_CS.SC_MULTI_CORE.MULTI_CHEMISTRY_DETECTOR.COMBINE_GEM_WELL_CHEMISTRIES.fork0.chnk0.main
2021-02-08 22:58:17 [runtime] (chunks_complete) ID.ory.SC_RNA_COUNTER_CS.SC_MULTI_CORE.MULTI_CHEMISTRY_DETECTOR.COMBINE_GEM_WELL_CHEMISTRIES
2021-02-08 22:58:17 [runtime] (ready)           ID.ory.SC_RNA_COUNTER_CS.SC_MULTI_CORE.SPLIT_VDJ_INPUTS
2021-02-08 22:58:18 [runtime] (ready)           ID.ory.SC_RNA_COUNTER_CS.SC_MULTI_CORE.MULTI_GEM_WELL_PROCESSOR.COUNT_GEM_WELL_PROCESSOR.MULTI_SETUP_CHUNKS
2021-02-08 22:58:18 [runtime] (run:local)       ID.ory.SC_RNA_COUNTER_CS.SC_MULTI_CORE.MULTI_GEM_WELL_PROCESSOR.COUNT_GEM_WELL_PROCESSOR.MULTI_SETUP_CHUNKS.fork0.chnk0.main
2021-02-08 22:58:18 [runtime] (chunks_complete) ID.ory.SC_RNA_COUNTER_CS.SC_MULTI_CORE.MULTI_GEM_WELL_PROCESSOR.COUNT_GEM_WELL_PROCESSOR.MULTI_SETUP_CHUNKS
2021-02-08 22:58:19 [runtime] (ready)           ID.ory.SC_RNA_COUNTER_CS.SC_MULTI_CORE.MULTI_GEM_WELL_PROCESSOR.COUNT_GEM_WELL_PROCESSOR._BASIC_SC_RNA_COUNTER._MATRIX_COMPUTER.MAKE_SHARD
2021-02-08 22:58:19 [runtime] (run:local)       ID.ory.SC_RNA_COUNTER_CS.SC_MULTI_CORE.MULTI_GEM_WELL_PROCESSOR.COUNT_GEM_WELL_PROCESSOR._BASIC_SC_RNA_COUNTER._MATRIX_COMPUTER.MAKE_SHARD.fork0.split
2021-02-08 22:58:27 [runtime] (split_complete)  ID.ory.SC_RNA_COUNTER_CS.SC_MULTI_CORE.MULTI_GEM_WELL_PROCESSOR.COUNT_GEM_WELL_PROCESSOR._BASIC_SC_RNA_COUNTER._MATRIX_COMPUTER.MAKE_SHARD
2021-02-08 22:58:27 [runtime] (run:local)       ID.ory.SC_RNA_COUNTER_CS.SC_MULTI_CORE.MULTI_GEM_WELL_PROCESSOR.COUNT_GEM_WELL_PROCESSOR._BASIC_SC_RNA_COUNTER._MATRIX_COMPUTER.MAKE_SHARD.fork0.chnk00.main
2021-02-08 22:58:27 [runtime] (run:local)       ID.ory.SC_RNA_COUNTER_CS.SC_MULTI_CORE.MULTI_GEM_WELL_PROCESSOR.COUNT_GEM_WELL_PROCESSOR._BASIC_SC_RNA_COUNTER._MATRIX_COMPUTER.MAKE_SHARD.fork0.chnk01.main
2021-02-08 22:58:27 [runtime] (run:local)       ID.ory.SC_RNA_COUNTER_CS.SC_MULTI_CORE.MULTI_GEM_WELL_PROCESSOR.COUNT_GEM_WELL_PROCESSOR._BASIC_SC_RNA_COUNTER._MATRIX_COMPUTER.MAKE_SHARD.fork0.chnk02.main
2021-02-08 22:58:27 [runtime] (run:local)       ID.ory.SC_RNA_COUNTER_CS.SC_MULTI_CORE.MULTI_GEM_WELL_PROCESSOR.COUNT_GEM_WELL_PROCESSOR._BASIC_SC_RNA_COUNTER._MATRIX_COMPUTER.MAKE_SHARD.fork0.chnk03.main
2021-02-08 22:58:28 [runtime] (run:local)       ID.ory.SC_RNA_COUNTER_CS.SC_MULTI_CORE.MULTI_GEM_WELL_PROCESSOR.COUNT_GEM_WELL_PROCESSOR._BASIC_SC_RNA_COUNTER._MATRIX_COMPUTER.MAKE_SHARD.fork0.chnk04.main
2021-02-08 22:58:28 [runtime] (run:local)       ID.ory.SC_RNA_COUNTER_CS.SC_MULTI_CORE.MULTI_GEM_WELL_PROCESSOR.COUNT_GEM_WELL_PROCESSOR._BASIC_SC_RNA_COUNTER._MATRIX_COMPUTER.MAKE_SHARD.fork0.chnk05.main
2021-02-08 22:58:28 [runtime] (run:local)       ID.ory.SC_RNA_COUNTER_CS.SC_MULTI_CORE.MULTI_GEM_WELL_PROCESSOR.COUNT_GEM_WELL_PROCESSOR._BASIC_SC_RNA_COUNTER._MATRIX_COMPUTER.MAKE_SHARD.fork0.chnk06.main
2021-02-08 22:58:28 [runtime] (run:local)       ID.ory.SC_RNA_COUNTER_CS.SC_MULTI_CORE.MULTI_GEM_WELL_PROCESSOR.COUNT_GEM_WELL_PROCESSOR._BASIC_SC_RNA_COUNTER._MATRIX_COMPUTER.MAKE_SHARD.fork0.chnk07.main
2021-02-08 22:58:28 [runtime] (run:local)       ID.ory.SC_RNA_COUNTER_CS.SC_MULTI_CORE.MULTI_GEM_WELL_PROCESSOR.COUNT_GEM_WELL_PROCESSOR._BASIC_SC_RNA_COUNTER._MATRIX_COMPUTER.MAKE_SHARD.fork0.chnk08.main
2021-02-08 22:58:28 [runtime] (run:local)       ID.ory.SC_RNA_COUNTER_CS.SC_MULTI_CORE.MULTI_GEM_WELL_PROCESSOR.COUNT_GEM_WELL_PROCESSOR._BASIC_SC_RNA_COUNTER._MATRIX_COMPUTER.MAKE_SHARD.fork0.chnk09.main
2021-02-08 22:58:28 [runtime] (run:local)       ID.ory.SC_RNA_COUNTER_CS.SC_MULTI_CORE.MULTI_GEM_WELL_PROCESSOR.COUNT_GEM_WELL_PROCESSOR._BASIC_SC_RNA_COUNTER._MATRIX_COMPUTER.MAKE_SHARD.fork0.chnk10.main
2021-02-08 22:58:28 [runtime] (run:local)       ID.ory.SC_RNA_COUNTER_CS.SC_MULTI_CORE.MULTI_GEM_WELL_PROCESSOR.COUNT_GEM_WELL_PROCESSOR._BASIC_SC_RNA_COUNTER._MATRIX_COMPUTER.MAKE_SHARD.fork0.chnk11.main
2021-02-08 22:58:28 [runtime] (run:local)       ID.ory.SC_RNA_COUNTER_CS.SC_MULTI_CORE.MULTI_GEM_WELL_PROCESSOR.COUNT_GEM_WELL_PROCESSOR._BASIC_SC_RNA_COUNTER._MATRIX_COMPUTER.MAKE_SHARD.fork0.chnk12.main
2021-02-08 22:58:28 [runtime] (run:local)       ID.ory.SC_RNA_COUNTER_CS.SC_MULTI_CORE.MULTI_GEM_WELL_PROCESSOR.COUNT_GEM_WELL_PROCESSOR._BASIC_SC_RNA_COUNTER._MATRIX_COMPUTER.MAKE_SHARD.fork0.chnk13.main
2021-02-08 22:58:28 [runtime] (run:local)       ID.ory.SC_RNA_COUNTER_CS.SC_MULTI_CORE.MULTI_GEM_WELL_PROCESSOR.COUNT_GEM_WELL_PROCESSOR._BASIC_SC_RNA_COUNTER._MATRIX_COMPUTER.MAKE_SHARD.fork0.chnk14.main
2021-02-08 22:58:28 [runtime] (run:local)       ID.ory.SC_RNA_COUNTER_CS.SC_MULTI_CORE.MULTI_GEM_WELL_PROCESSOR.COUNT_GEM_WELL_PROCESSOR._BASIC_SC_RNA_COUNTER._MATRIX_COMPUTER.MAKE_SHARD.fork0.chnk15.main
2021-02-08 22:58:28 [runtime] (run:local)       ID.ory.SC_RNA_COUNTER_CS.SC_MULTI_CORE.MULTI_GEM_WELL_PROCESSOR.COUNT_GEM_WELL_PROCESSOR._BASIC_SC_RNA_COUNTER._MATRIX_COMPUTER.MAKE_SHARD.fork0.chnk16.main
2021-02-08 22:58:29 [runtime] (run:local)       ID.ory.SC_RNA_COUNTER_CS.SC_MULTI_CORE.MULTI_GEM_WELL_PROCESSOR.COUNT_GEM_WELL_PROCESSOR._BASIC_SC_RNA_COUNTER._MATRIX_COMPUTER.MAKE_SHARD.fork0.chnk17.main
2021-02-08 22:58:29 [runtime] (run:local)       ID.ory.SC_RNA_COUNTER_CS.SC_MULTI_CORE.MULTI_GEM_WELL_PROCESSOR.COUNT_GEM_WELL_PROCESSOR._BASIC_SC_RNA_COUNTER._MATRIX_COMPUTER.MAKE_SHARD.fork0.chnk18.main
2021-02-08 22:58:29 [runtime] (run:local)       ID.ory.SC_RNA_COUNTER_CS.SC_MULTI_CORE.MULTI_GEM_WELL_PROCESSOR.COUNT_GEM_WELL_PROCESSOR._BASIC_SC_RNA_COUNTER._MATRIX_COMPUTER.MAKE_SHARD.fork0.chnk19.main
2021-02-08 23:03:51 [runtime] (update)          ID.ory.SC_RNA_COUNTER_CS.SC_MULTI_CORE.MULTI_GEM_WELL_PROCESSOR.COUNT_GEM_WELL_PROCESSOR._BASIC_SC_RNA_COUNTER._MATRIX_COMPUTER.MAKE_SHARD.fork0 chunks running (5/20 completed)
2021-02-08 23:07:41 [runtime] (chunks_complete) ID.ory.SC_RNA_COUNTER_CS.SC_MULTI_CORE.MULTI_GEM_WELL_PROCESSOR.COUNT_GEM_WELL_PROCESSOR._BASIC_SC_RNA_COUNTER._MATRIX_COMPUTER.MAKE_SHARD
2021-02-08 23:07:41 [runtime] (run:local)       ID.ory.SC_RNA_COUNTER_CS.SC_MULTI_CORE.MULTI_GEM_WELL_PROCESSOR.COUNT_GEM_WELL_PROCESSOR._BASIC_SC_RNA_COUNTER._MATRIX_COMPUTER.MAKE_SHARD.fork0.join
2021-02-08 23:07:47 [runtime] (join_complete)   ID.ory.SC_RNA_COUNTER_CS.SC_MULTI_CORE.MULTI_GEM_WELL_PROCESSOR.COUNT_GEM_WELL_PROCESSOR._BASIC_SC_RNA_COUNTER._MATRIX_COMPUTER.MAKE_SHARD
2021-02-08 23:07:56 [runtime] (ready)           ID.ory.SC_RNA_COUNTER_CS.SC_MULTI_CORE.MULTI_GEM_WELL_PROCESSOR.COUNT_GEM_WELL_PROCESSOR._BASIC_SC_RNA_COUNTER._MATRIX_COMPUTER.BARCODE_CORRECTION
2021-02-08 23:07:56 [runtime] (run:local)       ID.ory.SC_RNA_COUNTER_CS.SC_MULTI_CORE.MULTI_GEM_WELL_PROCESSOR.COUNT_GEM_WELL_PROCESSOR._BASIC_SC_RNA_COUNTER._MATRIX_COMPUTER.BARCODE_CORRECTION.fork0.split
2021-02-08 23:07:57 [runtime] (split_complete)  ID.ory.SC_RNA_COUNTER_CS.SC_MULTI_CORE.MULTI_GEM_WELL_PROCESSOR.COUNT_GEM_WELL_PROCESSOR._BASIC_SC_RNA_COUNTER._MATRIX_COMPUTER.BARCODE_CORRECTION
2021-02-08 23:07:57 [runtime] (run:local)       ID.ory.SC_RNA_COUNTER_CS.SC_MULTI_CORE.MULTI_GEM_WELL_PROCESSOR.COUNT_GEM_WELL_PROCESSOR._BASIC_SC_RNA_COUNTER._MATRIX_COMPUTER.BARCODE_CORRECTION.fork0.chnk00.main
2021-02-08 23:07:57 [runtime] (run:local)       ID.ory.SC_RNA_COUNTER_CS.SC_MULTI_CORE.MULTI_GEM_WELL_PROCESSOR.COUNT_GEM_WELL_PROCESSOR._BASIC_SC_RNA_COUNTER._MATRIX_COMPUTER.BARCODE_CORRECTION.fork0.chnk01.main
2021-02-08 23:07:57 [runtime] (run:local)       ID.ory.SC_RNA_COUNTER_CS.SC_MULTI_CORE.MULTI_GEM_WELL_PROCESSOR.COUNT_GEM_WELL_PROCESSOR._BASIC_SC_RNA_COUNTER._MATRIX_COMPUTER.BARCODE_CORRECTION.fork0.chnk02.main
2021-02-08 23:07:57 [runtime] (run:local)       ID.ory.SC_RNA_COUNTER_CS.SC_MULTI_CORE.MULTI_GEM_WELL_PROCESSOR.COUNT_GEM_WELL_PROCESSOR._BASIC_SC_RNA_COUNTER._MATRIX_COMPUTER.BARCODE_CORRECTION.fork0.chnk03.main
2021-02-08 23:07:57 [runtime] (run:local)       ID.ory.SC_RNA_COUNTER_CS.SC_MULTI_CORE.MULTI_GEM_WELL_PROCESSOR.COUNT_GEM_WELL_PROCESSOR._BASIC_SC_RNA_COUNTER._MATRIX_COMPUTER.BARCODE_CORRECTION.fork0.chnk04.main
2021-02-08 23:07:58 [runtime] (run:local)       ID.ory.SC_RNA_COUNTER_CS.SC_MULTI_CORE.MULTI_GEM_WELL_PROCESSOR.COUNT_GEM_WELL_PROCESSOR._BASIC_SC_RNA_COUNTER._MATRIX_COMPUTER.BARCODE_CORRECTION.fork0.chnk05.main
2021-02-08 23:07:58 [runtime] (run:local)       ID.ory.SC_RNA_COUNTER_CS.SC_MULTI_CORE.MULTI_GEM_WELL_PROCESSOR.COUNT_GEM_WELL_PROCESSOR._BASIC_SC_RNA_COUNTER._MATRIX_COMPUTER.BARCODE_CORRECTION.fork0.chnk06.main
2021-02-08 23:07:58 [runtime] (run:local)       ID.ory.SC_RNA_COUNTER_CS.SC_MULTI_CORE.MULTI_GEM_WELL_PROCESSOR.COUNT_GEM_WELL_PROCESSOR._BASIC_SC_RNA_COUNTER._MATRIX_COMPUTER.BARCODE_CORRECTION.fork0.chnk07.main
2021-02-08 23:07:58 [runtime] (run:local)       ID.ory.SC_RNA_COUNTER_CS.SC_MULTI_CORE.MULTI_GEM_WELL_PROCESSOR.COUNT_GEM_WELL_PROCESSOR._BASIC_SC_RNA_COUNTER._MATRIX_COMPUTER.BARCODE_CORRECTION.fork0.chnk08.main
2021-02-08 23:07:59 [runtime] (run:local)       ID.ory.SC_RNA_COUNTER_CS.SC_MULTI_CORE.MULTI_GEM_WELL_PROCESSOR.COUNT_GEM_WELL_PROCESSOR._BASIC_SC_RNA_COUNTER._MATRIX_COMPUTER.BARCODE_CORRECTION.fork0.chnk09.main
2021-02-08 23:07:59 [runtime] (run:local)       ID.ory.SC_RNA_COUNTER_CS.SC_MULTI_CORE.MULTI_GEM_WELL_PROCESSOR.COUNT_GEM_WELL_PROCESSOR._BASIC_SC_RNA_COUNTER._MATRIX_COMPUTER.BARCODE_CORRECTION.fork0.chnk10.main
2021-02-08 23:07:59 [runtime] (run:local)       ID.ory.SC_RNA_COUNTER_CS.SC_MULTI_CORE.MULTI_GEM_WELL_PROCESSOR.COUNT_GEM_WELL_PROCESSOR._BASIC_SC_RNA_COUNTER._MATRIX_COMPUTER.BARCODE_CORRECTION.fork0.chnk11.main
2021-02-08 23:07:59 [runtime] (run:local)       ID.ory.SC_RNA_COUNTER_CS.SC_MULTI_CORE.MULTI_GEM_WELL_PROCESSOR.COUNT_GEM_WELL_PROCESSOR._BASIC_SC_RNA_COUNTER._MATRIX_COMPUTER.BARCODE_CORRECTION.fork0.chnk12.main
2021-02-08 23:07:59 [runtime] (run:local)       ID.ory.SC_RNA_COUNTER_CS.SC_MULTI_CORE.MULTI_GEM_WELL_PROCESSOR.COUNT_GEM_WELL_PROCESSOR._BASIC_SC_RNA_COUNTER._MATRIX_COMPUTER.BARCODE_CORRECTION.fork0.chnk13.main
2021-02-08 23:07:59 [runtime] (run:local)       ID.ory.SC_RNA_COUNTER_CS.SC_MULTI_CORE.MULTI_GEM_WELL_PROCESSOR.COUNT_GEM_WELL_PROCESSOR._BASIC_SC_RNA_COUNTER._MATRIX_COMPUTER.BARCODE_CORRECTION.fork0.chnk14.main
2021-02-08 23:07:59 [runtime] (run:local)       ID.ory.SC_RNA_COUNTER_CS.SC_MULTI_CORE.MULTI_GEM_WELL_PROCESSOR.COUNT_GEM_WELL_PROCESSOR._BASIC_SC_RNA_COUNTER._MATRIX_COMPUTER.BARCODE_CORRECTION.fork0.chnk15.main
2021-02-08 23:07:59 [runtime] (run:local)       ID.ory.SC_RNA_COUNTER_CS.SC_MULTI_CORE.MULTI_GEM_WELL_PROCESSOR.COUNT_GEM_WELL_PROCESSOR._BASIC_SC_RNA_COUNTER._MATRIX_COMPUTER.BARCODE_CORRECTION.fork0.chnk16.main
2021-02-08 23:07:59 [runtime] (run:local)       ID.ory.SC_RNA_COUNTER_CS.SC_MULTI_CORE.MULTI_GEM_WELL_PROCESSOR.COUNT_GEM_WELL_PROCESSOR._BASIC_SC_RNA_COUNTER._MATRIX_COMPUTER.BARCODE_CORRECTION.fork0.chnk17.main
2021-02-08 23:07:59 [runtime] (run:local)       ID.ory.SC_RNA_COUNTER_CS.SC_MULTI_CORE.MULTI_GEM_WELL_PROCESSOR.COUNT_GEM_WELL_PROCESSOR._BASIC_SC_RNA_COUNTER._MATRIX_COMPUTER.BARCODE_CORRECTION.fork0.chnk18.main
2021-02-08 23:07:59 [runtime] (run:local)       ID.ory.SC_RNA_COUNTER_CS.SC_MULTI_CORE.MULTI_GEM_WELL_PROCESSOR.COUNT_GEM_WELL_PROCESSOR._BASIC_SC_RNA_COUNTER._MATRIX_COMPUTER.BARCODE_CORRECTION.fork0.chnk19.main
2021-02-08 23:07:59 [runtime] (run:local)       ID.ory.SC_RNA_COUNTER_CS.SC_MULTI_CORE.MULTI_GEM_WELL_PROCESSOR.COUNT_GEM_WELL_PROCESSOR._BASIC_SC_RNA_COUNTER._MATRIX_COMPUTER.BARCODE_CORRECTION.fork0.chnk20.main
2021-02-08 23:07:59 [runtime] (run:local)       ID.ory.SC_RNA_COUNTER_CS.SC_MULTI_CORE.MULTI_GEM_WELL_PROCESSOR.COUNT_GEM_WELL_PROCESSOR._BASIC_SC_RNA_COUNTER._MATRIX_COMPUTER.BARCODE_CORRECTION.fork0.chnk21.main
2021-02-08 23:07:59 [runtime] (run:local)       ID.ory.SC_RNA_COUNTER_CS.SC_MULTI_CORE.MULTI_GEM_WELL_PROCESSOR.COUNT_GEM_WELL_PROCESSOR._BASIC_SC_RNA_COUNTER._MATRIX_COMPUTER.BARCODE_CORRECTION.fork0.chnk22.main
2021-02-08 23:07:59 [runtime] (run:local)       ID.ory.SC_RNA_COUNTER_CS.SC_MULTI_CORE.MULTI_GEM_WELL_PROCESSOR.COUNT_GEM_WELL_PROCESSOR._BASIC_SC_RNA_COUNTER._MATRIX_COMPUTER.BARCODE_CORRECTION.fork0.chnk23.main
2021-02-08 23:07:59 [runtime] (run:local)       ID.ory.SC_RNA_COUNTER_CS.SC_MULTI_CORE.MULTI_GEM_WELL_PROCESSOR.COUNT_GEM_WELL_PROCESSOR._BASIC_SC_RNA_COUNTER._MATRIX_COMPUTER.BARCODE_CORRECTION.fork0.chnk24.main
2021-02-08 23:07:59 [runtime] (run:local)       ID.ory.SC_RNA_COUNTER_CS.SC_MULTI_CORE.MULTI_GEM_WELL_PROCESSOR.COUNT_GEM_WELL_PROCESSOR._BASIC_SC_RNA_COUNTER._MATRIX_COMPUTER.BARCODE_CORRECTION.fork0.chnk25.main
2021-02-08 23:09:23 [runtime] (chunks_complete) ID.ory.SC_RNA_COUNTER_CS.SC_MULTI_CORE.MULTI_GEM_WELL_PROCESSOR.COUNT_GEM_WELL_PROCESSOR._BASIC_SC_RNA_COUNTER._MATRIX_COMPUTER.BARCODE_CORRECTION
2021-02-08 23:09:24 [runtime] (run:local)       ID.ory.SC_RNA_COUNTER_CS.SC_MULTI_CORE.MULTI_GEM_WELL_PROCESSOR.COUNT_GEM_WELL_PROCESSOR._BASIC_SC_RNA_COUNTER._MATRIX_COMPUTER.BARCODE_CORRECTION.fork0.join
2021-02-08 23:09:27 [runtime] (join_complete)   ID.ory.SC_RNA_COUNTER_CS.SC_MULTI_CORE.MULTI_GEM_WELL_PROCESSOR.COUNT_GEM_WELL_PROCESSOR._BASIC_SC_RNA_COUNTER._MATRIX_COMPUTER.BARCODE_CORRECTION
2021-02-08 23:09:28 [runtime] (ready)           ID.ory.SC_RNA_COUNTER_CS.SC_MULTI_CORE.MULTI_GEM_WELL_PROCESSOR.COUNT_GEM_WELL_PROCESSOR._BASIC_SC_RNA_COUNTER._MATRIX_COMPUTER.SET_ALIGNER_SUBSAMPLE_RATE
2021-02-08 23:09:28 [runtime] (run:local)       ID.ory.SC_RNA_COUNTER_CS.SC_MULTI_CORE.MULTI_GEM_WELL_PROCESSOR.COUNT_GEM_WELL_PROCESSOR._BASIC_SC_RNA_COUNTER._MATRIX_COMPUTER.SET_ALIGNER_SUBSAMPLE_RATE.fork0.chnk0.main
2021-02-08 23:09:28 [runtime] (ready)           ID.ory.SC_RNA_COUNTER_CS.SC_MULTI_CORE.MULTI_GEM_WELL_PROCESSOR.COUNT_GEM_WELL_PROCESSOR._BASIC_SC_RNA_COUNTER._MATRIX_COMPUTER._SLFE_PARTIAL_FIRST_PASS.SUBSAMPLE_BARCODES
2021-02-08 23:09:28 [runtime] (ready)           ID.ory.SC_RNA_COUNTER_CS.SC_MULTI_CORE.MULTI_GEM_WELL_PROCESSOR.COUNT_GEM_WELL_PROCESSOR._BASIC_SC_RNA_COUNTER._MATRIX_COMPUTER._SLFE_PARTIAL_FIRST_PASS.INITIAL_ALIGN_AND_COUNT
2021-02-08 23:09:28 [runtime] (ready)           ID.ory.SC_RNA_COUNTER_CS.SC_MULTI_CORE.MULTI_GEM_WELL_PROCESSOR.COUNT_GEM_WELL_PROCESSOR._BASIC_SC_RNA_COUNTER._MATRIX_COMPUTER._SLFE_PARTIAL_FIRST_PASS.SET_TARGETED_UMI_FILTER
2021-02-08 23:09:28 [runtime] (chunks_complete) ID.ory.SC_RNA_COUNTER_CS.SC_MULTI_CORE.MULTI_GEM_WELL_PROCESSOR.COUNT_GEM_WELL_PROCESSOR._BASIC_SC_RNA_COUNTER._MATRIX_COMPUTER.SET_ALIGNER_SUBSAMPLE_RATE
2021-02-08 23:09:29 [runtime] (ready)           ID.ory.SC_RNA_COUNTER_CS.SC_MULTI_CORE.MULTI_GEM_WELL_PROCESSOR.COUNT_GEM_WELL_PROCESSOR._BASIC_SC_RNA_COUNTER._MATRIX_COMPUTER.ALIGN_AND_COUNT
2021-02-08 23:09:29 [runtime] (run:local)       ID.ory.SC_RNA_COUNTER_CS.SC_MULTI_CORE.MULTI_GEM_WELL_PROCESSOR.COUNT_GEM_WELL_PROCESSOR._BASIC_SC_RNA_COUNTER._MATRIX_COMPUTER.ALIGN_AND_COUNT.fork0.split
2021-02-08 23:09:32 [runtime] (split_complete)  ID.ory.SC_RNA_COUNTER_CS.SC_MULTI_CORE.MULTI_GEM_WELL_PROCESSOR.COUNT_GEM_WELL_PROCESSOR._BASIC_SC_RNA_COUNTER._MATRIX_COMPUTER.ALIGN_AND_COUNT
2021-02-08 23:09:32 [runtime] (run:local)       ID.ory.SC_RNA_COUNTER_CS.SC_MULTI_CORE.MULTI_GEM_WELL_PROCESSOR.COUNT_GEM_WELL_PROCESSOR._BASIC_SC_RNA_COUNTER._MATRIX_COMPUTER.ALIGN_AND_COUNT.fork0.chnk00.main
2021-02-08 23:09:32 [runtime] (run:local)       ID.ory.SC_RNA_COUNTER_CS.SC_MULTI_CORE.MULTI_GEM_WELL_PROCESSOR.COUNT_GEM_WELL_PROCESSOR._BASIC_SC_RNA_COUNTER._MATRIX_COMPUTER.ALIGN_AND_COUNT.fork0.chnk01.main
2021-02-08 23:09:32 [runtime] (run:local)       ID.ory.SC_RNA_COUNTER_CS.SC_MULTI_CORE.MULTI_GEM_WELL_PROCESSOR.COUNT_GEM_WELL_PROCESSOR._BASIC_SC_RNA_COUNTER._MATRIX_COMPUTER.ALIGN_AND_COUNT.fork0.chnk02.main
2021-02-08 23:09:32 [runtime] (run:local)       ID.ory.SC_RNA_COUNTER_CS.SC_MULTI_CORE.MULTI_GEM_WELL_PROCESSOR.COUNT_GEM_WELL_PROCESSOR._BASIC_SC_RNA_COUNTER._MATRIX_COMPUTER.ALIGN_AND_COUNT.fork0.chnk03.main
2021-02-08 23:09:32 [runtime] (run:local)       ID.ory.SC_RNA_COUNTER_CS.SC_MULTI_CORE.MULTI_GEM_WELL_PROCESSOR.COUNT_GEM_WELL_PROCESSOR._BASIC_SC_RNA_COUNTER._MATRIX_COMPUTER.ALIGN_AND_COUNT.fork0.chnk04.main
2021-02-08 23:09:32 [runtime] (run:local)       ID.ory.SC_RNA_COUNTER_CS.SC_MULTI_CORE.MULTI_GEM_WELL_PROCESSOR.COUNT_GEM_WELL_PROCESSOR._BASIC_SC_RNA_COUNTER._MATRIX_COMPUTER.ALIGN_AND_COUNT.fork0.chnk05.main
2021-02-08 23:09:33 [runtime] (run:local)       ID.ory.SC_RNA_COUNTER_CS.SC_MULTI_CORE.MULTI_GEM_WELL_PROCESSOR.COUNT_GEM_WELL_PROCESSOR._BASIC_SC_RNA_COUNTER._MATRIX_COMPUTER.ALIGN_AND_COUNT.fork0.chnk06.main
2021-02-08 23:09:33 [runtime] (run:local)       ID.ory.SC_RNA_COUNTER_CS.SC_MULTI_CORE.MULTI_GEM_WELL_PROCESSOR.COUNT_GEM_WELL_PROCESSOR._BASIC_SC_RNA_COUNTER._MATRIX_COMPUTER.ALIGN_AND_COUNT.fork0.chnk07.main
2021-02-08 23:09:33 [runtime] (run:local)       ID.ory.SC_RNA_COUNTER_CS.SC_MULTI_CORE.MULTI_GEM_WELL_PROCESSOR.COUNT_GEM_WELL_PROCESSOR._BASIC_SC_RNA_COUNTER._MATRIX_COMPUTER.ALIGN_AND_COUNT.fork0.chnk08.main
2021-02-08 23:09:33 [runtime] (run:local)       ID.ory.SC_RNA_COUNTER_CS.SC_MULTI_CORE.MULTI_GEM_WELL_PROCESSOR.COUNT_GEM_WELL_PROCESSOR._BASIC_SC_RNA_COUNTER._MATRIX_COMPUTER.ALIGN_AND_COUNT.fork0.chnk09.main
2021-02-08 23:09:33 [runtime] (run:local)       ID.ory.SC_RNA_COUNTER_CS.SC_MULTI_CORE.MULTI_GEM_WELL_PROCESSOR.COUNT_GEM_WELL_PROCESSOR._BASIC_SC_RNA_COUNTER._MATRIX_COMPUTER.ALIGN_AND_COUNT.fork0.chnk10.main
2021-02-08 23:09:33 [runtime] (run:local)       ID.ory.SC_RNA_COUNTER_CS.SC_MULTI_CORE.MULTI_GEM_WELL_PROCESSOR.COUNT_GEM_WELL_PROCESSOR._BASIC_SC_RNA_COUNTER._MATRIX_COMPUTER.ALIGN_AND_COUNT.fork0.chnk11.main
2021-02-08 23:09:33 [runtime] (run:local)       ID.ory.SC_RNA_COUNTER_CS.SC_MULTI_CORE.MULTI_GEM_WELL_PROCESSOR.COUNT_GEM_WELL_PROCESSOR._BASIC_SC_RNA_COUNTER._MATRIX_COMPUTER.ALIGN_AND_COUNT.fork0.chnk12.main
2021-02-08 23:09:33 [runtime] (run:local)       ID.ory.SC_RNA_COUNTER_CS.SC_MULTI_CORE.MULTI_GEM_WELL_PROCESSOR.COUNT_GEM_WELL_PROCESSOR._BASIC_SC_RNA_COUNTER._MATRIX_COMPUTER.ALIGN_AND_COUNT.fork0.chnk13.main
2021-02-08 23:09:33 [runtime] (run:local)       ID.ory.SC_RNA_COUNTER_CS.SC_MULTI_CORE.MULTI_GEM_WELL_PROCESSOR.COUNT_GEM_WELL_PROCESSOR._BASIC_SC_RNA_COUNTER._MATRIX_COMPUTER.ALIGN_AND_COUNT.fork0.chnk14.main
2021-02-08 23:09:33 [runtime] (run:local)       ID.ory.SC_RNA_COUNTER_CS.SC_MULTI_CORE.MULTI_GEM_WELL_PROCESSOR.COUNT_GEM_WELL_PROCESSOR._BASIC_SC_RNA_COUNTER._MATRIX_COMPUTER.ALIGN_AND_COUNT.fork0.chnk15.main
2021-02-08 23:09:33 [runtime] (run:local)       ID.ory.SC_RNA_COUNTER_CS.SC_MULTI_CORE.MULTI_GEM_WELL_PROCESSOR.COUNT_GEM_WELL_PROCESSOR._BASIC_SC_RNA_COUNTER._MATRIX_COMPUTER.ALIGN_AND_COUNT.fork0.chnk16.main
2021-02-08 23:09:33 [runtime] (run:local)       ID.ory.SC_RNA_COUNTER_CS.SC_MULTI_CORE.MULTI_GEM_WELL_PROCESSOR.COUNT_GEM_WELL_PROCESSOR._BASIC_SC_RNA_COUNTER._MATRIX_COMPUTER.ALIGN_AND_COUNT.fork0.chnk17.main
2021-02-08 23:09:33 [runtime] (run:local)       ID.ory.SC_RNA_COUNTER_CS.SC_MULTI_CORE.MULTI_GEM_WELL_PROCESSOR.COUNT_GEM_WELL_PROCESSOR._BASIC_SC_RNA_COUNTER._MATRIX_COMPUTER.ALIGN_AND_COUNT.fork0.chnk18.main
2021-02-08 23:09:33 [runtime] (run:local)       ID.ory.SC_RNA_COUNTER_CS.SC_MULTI_CORE.MULTI_GEM_WELL_PROCESSOR.COUNT_GEM_WELL_PROCESSOR._BASIC_SC_RNA_COUNTER._MATRIX_COMPUTER.ALIGN_AND_COUNT.fork0.chnk19.main
2021-02-08 23:09:33 [runtime] (run:local)       ID.ory.SC_RNA_COUNTER_CS.SC_MULTI_CORE.MULTI_GEM_WELL_PROCESSOR.COUNT_GEM_WELL_PROCESSOR._BASIC_SC_RNA_COUNTER._MATRIX_COMPUTER.ALIGN_AND_COUNT.fork0.chnk20.main
2021-02-08 23:09:33 [runtime] (run:local)       ID.ory.SC_RNA_COUNTER_CS.SC_MULTI_CORE.MULTI_GEM_WELL_PROCESSOR.COUNT_GEM_WELL_PROCESSOR._BASIC_SC_RNA_COUNTER._MATRIX_COMPUTER.ALIGN_AND_COUNT.fork0.chnk21.main
2021-02-08 23:09:33 [runtime] (run:local)       ID.ory.SC_RNA_COUNTER_CS.SC_MULTI_CORE.MULTI_GEM_WELL_PROCESSOR.COUNT_GEM_WELL_PROCESSOR._BASIC_SC_RNA_COUNTER._MATRIX_COMPUTER.ALIGN_AND_COUNT.fork0.chnk22.main
2021-02-08 23:09:33 [runtime] (run:local)       ID.ory.SC_RNA_COUNTER_CS.SC_MULTI_CORE.MULTI_GEM_WELL_PROCESSOR.COUNT_GEM_WELL_PROCESSOR._BASIC_SC_RNA_COUNTER._MATRIX_COMPUTER.ALIGN_AND_COUNT.fork0.chnk23.main
2021-02-08 23:09:33 [runtime] (run:local)       ID.ory.SC_RNA_COUNTER_CS.SC_MULTI_CORE.MULTI_GEM_WELL_PROCESSOR.COUNT_GEM_WELL_PROCESSOR._BASIC_SC_RNA_COUNTER._MATRIX_COMPUTER.ALIGN_AND_COUNT.fork0.chnk24.main
2021-02-08 23:15:27 [runtime] (update)          ID.ory.SC_RNA_COUNTER_CS.SC_MULTI_CORE.MULTI_GEM_WELL_PROCESSOR.COUNT_GEM_WELL_PROCESSOR._BASIC_SC_RNA_COUNTER._MATRIX_COMPUTER.ALIGN_AND_COUNT.fork0 chunks running (2/25 completed)
2021-02-08 23:21:28 [runtime] (update)          ID.ory.SC_RNA_COUNTER_CS.SC_MULTI_CORE.MULTI_GEM_WELL_PROCESSOR.COUNT_GEM_WELL_PROCESSOR._BASIC_SC_RNA_COUNTER._MATRIX_COMPUTER.ALIGN_AND_COUNT.fork0 chunks running (4/25 completed)
2021-02-08 23:26:59 [runtime] (update)          ID.ory.SC_RNA_COUNTER_CS.SC_MULTI_CORE.MULTI_GEM_WELL_PROCESSOR.COUNT_GEM_WELL_PROCESSOR._BASIC_SC_RNA_COUNTER._MATRIX_COMPUTER.ALIGN_AND_COUNT.fork0 chunks running (7/25 completed)
2021-02-08 23:32:01 [runtime] (update)          ID.ory.SC_RNA_COUNTER_CS.SC_MULTI_CORE.MULTI_GEM_WELL_PROCESSOR.COUNT_GEM_WELL_PROCESSOR._BASIC_SC_RNA_COUNTER._MATRIX_COMPUTER.ALIGN_AND_COUNT.fork0 chunks running (10/25 completed)
2021-02-08 23:37:20 [runtime] (update)          ID.ory.SC_RNA_COUNTER_CS.SC_MULTI_CORE.MULTI_GEM_WELL_PROCESSOR.COUNT_GEM_WELL_PROCESSOR._BASIC_SC_RNA_COUNTER._MATRIX_COMPUTER.ALIGN_AND_COUNT.fork0 chunks running (13/25 completed)
2021-02-08 23:42:42 [runtime] (update)          ID.ory.SC_RNA_COUNTER_CS.SC_MULTI_CORE.MULTI_GEM_WELL_PROCESSOR.COUNT_GEM_WELL_PROCESSOR._BASIC_SC_RNA_COUNTER._MATRIX_COMPUTER.ALIGN_AND_COUNT.fork0 chunks running (17/25 completed)
2021-02-08 23:47:45 [runtime] (update)          ID.ory.SC_RNA_COUNTER_CS.SC_MULTI_CORE.MULTI_GEM_WELL_PROCESSOR.COUNT_GEM_WELL_PROCESSOR._BASIC_SC_RNA_COUNTER._MATRIX_COMPUTER.ALIGN_AND_COUNT.fork0 chunks running (19/25 completed)
2021-02-08 23:53:02 [runtime] (update)          ID.ory.SC_RNA_COUNTER_CS.SC_MULTI_CORE.MULTI_GEM_WELL_PROCESSOR.COUNT_GEM_WELL_PROCESSOR._BASIC_SC_RNA_COUNTER._MATRIX_COMPUTER.ALIGN_AND_COUNT.fork0 chunks running (21/25 completed)
2021-02-08 23:59:54 [runtime] (update)          ID.ory.SC_RNA_COUNTER_CS.SC_MULTI_CORE.MULTI_GEM_WELL_PROCESSOR.COUNT_GEM_WELL_PROCESSOR._BASIC_SC_RNA_COUNTER._MATRIX_COMPUTER.ALIGN_AND_COUNT.fork0 chunks running (24/25 completed)
2021-02-09 00:01:25 [runtime] (chunks_complete) ID.ory.SC_RNA_COUNTER_CS.SC_MULTI_CORE.MULTI_GEM_WELL_PROCESSOR.COUNT_GEM_WELL_PROCESSOR._BASIC_SC_RNA_COUNTER._MATRIX_COMPUTER.ALIGN_AND_COUNT
2021-02-09 00:01:26 [runtime] (run:local)       ID.ory.SC_RNA_COUNTER_CS.SC_MULTI_CORE.MULTI_GEM_WELL_PROCESSOR.COUNT_GEM_WELL_PROCESSOR._BASIC_SC_RNA_COUNTER._MATRIX_COMPUTER.ALIGN_AND_COUNT.fork0.join
2021-02-09 00:01:29 [runtime] (join_complete)   ID.ory.SC_RNA_COUNTER_CS.SC_MULTI_CORE.MULTI_GEM_WELL_PROCESSOR.COUNT_GEM_WELL_PROCESSOR._BASIC_SC_RNA_COUNTER._MATRIX_COMPUTER.ALIGN_AND_COUNT
2021-02-09 00:01:36 [runtime] (ready)           ID.ory.SC_RNA_COUNTER_CS.SC_MULTI_CORE.MULTI_GEM_WELL_PROCESSOR.COUNT_GEM_WELL_PROCESSOR._BASIC_SC_RNA_COUNTER._MATRIX_COMPUTER.WRITE_MATRIX_MARKET
2021-02-09 00:01:36 [runtime] (run:local)       ID.ory.SC_RNA_COUNTER_CS.SC_MULTI_CORE.MULTI_GEM_WELL_PROCESSOR.COUNT_GEM_WELL_PROCESSOR._BASIC_SC_RNA_COUNTER._MATRIX_COMPUTER.WRITE_MATRIX_MARKET.fork0.chnk0.main
2021-02-09 00:01:36 [runtime] (ready)           ID.ory.SC_RNA_COUNTER_CS.SC_MULTI_CORE.MULTI_GEM_WELL_PROCESSOR.COUNT_GEM_WELL_PROCESSOR._BASIC_SC_RNA_COUNTER._MATRIX_COMPUTER.COLLATE_METRICS
2021-02-09 00:01:36 [runtime] (run:local)       ID.ory.SC_RNA_COUNTER_CS.SC_MULTI_CORE.MULTI_GEM_WELL_PROCESSOR.COUNT_GEM_WELL_PROCESSOR._BASIC_SC_RNA_COUNTER._MATRIX_COMPUTER.COLLATE_METRICS.fork0.chnk0.main
2021-02-09 00:01:36 [runtime] (ready)           ID.ory.SC_RNA_COUNTER_CS.SC_MULTI_CORE.MULTI_GEM_WELL_PROCESSOR.COUNT_GEM_WELL_PROCESSOR._BASIC_SC_RNA_COUNTER._MATRIX_COMPUTER.WRITE_BARCODE_SUMMARY
2021-02-09 00:01:36 [runtime] (run:local)       ID.ory.SC_RNA_COUNTER_CS.SC_MULTI_CORE.MULTI_GEM_WELL_PROCESSOR.COUNT_GEM_WELL_PROCESSOR._BASIC_SC_RNA_COUNTER._MATRIX_COMPUTER.WRITE_BARCODE_SUMMARY.fork0.chnk0.main
2021-02-09 00:01:36 [runtime] (ready)           ID.ory.SC_RNA_COUNTER_CS.SC_MULTI_CORE.MULTI_GEM_WELL_PROCESSOR.COUNT_GEM_WELL_PROCESSOR._BASIC_SC_RNA_COUNTER._MATRIX_COMPUTER.WRITE_H5_MATRIX
2021-02-09 00:01:37 [runtime] (run:local)       ID.ory.SC_RNA_COUNTER_CS.SC_MULTI_CORE.MULTI_GEM_WELL_PROCESSOR.COUNT_GEM_WELL_PROCESSOR._BASIC_SC_RNA_COUNTER._MATRIX_COMPUTER.WRITE_H5_MATRIX.fork0.chnk0.main
2021-02-09 00:01:37 [runtime] (ready)           ID.ory.SC_RNA_COUNTER_CS.SC_MULTI_CORE.MULTI_GEM_WELL_PROCESSOR.COUNT_GEM_WELL_PROCESSOR._BASIC_SC_RNA_COUNTER.WRITE_POS_BAM
2021-02-09 00:01:37 [runtime] (run:local)       ID.ory.SC_RNA_COUNTER_CS.SC_MULTI_CORE.MULTI_GEM_WELL_PROCESSOR.COUNT_GEM_WELL_PROCESSOR._BASIC_SC_RNA_COUNTER.WRITE_POS_BAM.fork0.split
2021-02-09 00:01:41 [runtime] (split_complete)  ID.ory.SC_RNA_COUNTER_CS.SC_MULTI_CORE.MULTI_GEM_WELL_PROCESSOR.COUNT_GEM_WELL_PROCESSOR._BASIC_SC_RNA_COUNTER.WRITE_POS_BAM
2021-02-09 00:01:41 [runtime] (run:local)       ID.ory.SC_RNA_COUNTER_CS.SC_MULTI_CORE.MULTI_GEM_WELL_PROCESSOR.COUNT_GEM_WELL_PROCESSOR._BASIC_SC_RNA_COUNTER.WRITE_POS_BAM.fork0.chnk00.main
2021-02-09 00:01:41 [runtime] (run:local)       ID.ory.SC_RNA_COUNTER_CS.SC_MULTI_CORE.MULTI_GEM_WELL_PROCESSOR.COUNT_GEM_WELL_PROCESSOR._BASIC_SC_RNA_COUNTER.WRITE_POS_BAM.fork0.chnk01.main
2021-02-09 00:01:41 [runtime] (run:local)       ID.ory.SC_RNA_COUNTER_CS.SC_MULTI_CORE.MULTI_GEM_WELL_PROCESSOR.COUNT_GEM_WELL_PROCESSOR._BASIC_SC_RNA_COUNTER.WRITE_POS_BAM.fork0.chnk02.main
2021-02-09 00:01:41 [runtime] (run:local)       ID.ory.SC_RNA_COUNTER_CS.SC_MULTI_CORE.MULTI_GEM_WELL_PROCESSOR.COUNT_GEM_WELL_PROCESSOR._BASIC_SC_RNA_COUNTER.WRITE_POS_BAM.fork0.chnk03.main
2021-02-09 00:01:41 [runtime] (run:local)       ID.ory.SC_RNA_COUNTER_CS.SC_MULTI_CORE.MULTI_GEM_WELL_PROCESSOR.COUNT_GEM_WELL_PROCESSOR._BASIC_SC_RNA_COUNTER.WRITE_POS_BAM.fork0.chnk04.main
2021-02-09 00:01:41 [runtime] (run:local)       ID.ory.SC_RNA_COUNTER_CS.SC_MULTI_CORE.MULTI_GEM_WELL_PROCESSOR.COUNT_GEM_WELL_PROCESSOR._BASIC_SC_RNA_COUNTER.WRITE_POS_BAM.fork0.chnk05.main
2021-02-09 00:01:42 [runtime] (run:local)       ID.ory.SC_RNA_COUNTER_CS.SC_MULTI_CORE.MULTI_GEM_WELL_PROCESSOR.COUNT_GEM_WELL_PROCESSOR._BASIC_SC_RNA_COUNTER.WRITE_POS_BAM.fork0.chnk06.main
2021-02-09 00:01:42 [runtime] (run:local)       ID.ory.SC_RNA_COUNTER_CS.SC_MULTI_CORE.MULTI_GEM_WELL_PROCESSOR.COUNT_GEM_WELL_PROCESSOR._BASIC_SC_RNA_COUNTER.WRITE_POS_BAM.fork0.chnk07.main
2021-02-09 00:01:42 [runtime] (run:local)       ID.ory.SC_RNA_COUNTER_CS.SC_MULTI_CORE.MULTI_GEM_WELL_PROCESSOR.COUNT_GEM_WELL_PROCESSOR._BASIC_SC_RNA_COUNTER.WRITE_POS_BAM.fork0.chnk08.main
2021-02-09 00:01:42 [runtime] (run:local)       ID.ory.SC_RNA_COUNTER_CS.SC_MULTI_CORE.MULTI_GEM_WELL_PROCESSOR.COUNT_GEM_WELL_PROCESSOR._BASIC_SC_RNA_COUNTER.WRITE_POS_BAM.fork0.chnk09.main
2021-02-09 00:01:42 [runtime] (run:local)       ID.ory.SC_RNA_COUNTER_CS.SC_MULTI_CORE.MULTI_GEM_WELL_PROCESSOR.COUNT_GEM_WELL_PROCESSOR._BASIC_SC_RNA_COUNTER.WRITE_POS_BAM.fork0.chnk10.main
2021-02-09 00:01:42 [runtime] (run:local)       ID.ory.SC_RNA_COUNTER_CS.SC_MULTI_CORE.MULTI_GEM_WELL_PROCESSOR.COUNT_GEM_WELL_PROCESSOR._BASIC_SC_RNA_COUNTER.WRITE_POS_BAM.fork0.chnk11.main
2021-02-09 00:01:42 [runtime] (run:local)       ID.ory.SC_RNA_COUNTER_CS.SC_MULTI_CORE.MULTI_GEM_WELL_PROCESSOR.COUNT_GEM_WELL_PROCESSOR._BASIC_SC_RNA_COUNTER.WRITE_POS_BAM.fork0.chnk12.main
2021-02-09 00:01:42 [runtime] (run:local)       ID.ory.SC_RNA_COUNTER_CS.SC_MULTI_CORE.MULTI_GEM_WELL_PROCESSOR.COUNT_GEM_WELL_PROCESSOR._BASIC_SC_RNA_COUNTER.WRITE_POS_BAM.fork0.chnk13.main
2021-02-09 00:01:42 [runtime] (run:local)       ID.ory.SC_RNA_COUNTER_CS.SC_MULTI_CORE.MULTI_GEM_WELL_PROCESSOR.COUNT_GEM_WELL_PROCESSOR._BASIC_SC_RNA_COUNTER.WRITE_POS_BAM.fork0.chnk14.main
2021-02-09 00:01:42 [runtime] (run:local)       ID.ory.SC_RNA_COUNTER_CS.SC_MULTI_CORE.MULTI_GEM_WELL_PROCESSOR.COUNT_GEM_WELL_PROCESSOR._BASIC_SC_RNA_COUNTER.WRITE_POS_BAM.fork0.chnk15.main
2021-02-09 00:01:42 [runtime] (run:local)       ID.ory.SC_RNA_COUNTER_CS.SC_MULTI_CORE.MULTI_GEM_WELL_PROCESSOR.COUNT_GEM_WELL_PROCESSOR._BASIC_SC_RNA_COUNTER.WRITE_POS_BAM.fork0.chnk16.main
2021-02-09 00:01:42 [runtime] (run:local)       ID.ory.SC_RNA_COUNTER_CS.SC_MULTI_CORE.MULTI_GEM_WELL_PROCESSOR.COUNT_GEM_WELL_PROCESSOR._BASIC_SC_RNA_COUNTER.WRITE_POS_BAM.fork0.chnk17.main
2021-02-09 00:01:43 [runtime] (run:local)       ID.ory.SC_RNA_COUNTER_CS.SC_MULTI_CORE.MULTI_GEM_WELL_PROCESSOR.COUNT_GEM_WELL_PROCESSOR._BASIC_SC_RNA_COUNTER.WRITE_POS_BAM.fork0.chnk18.main
2021-02-09 00:01:43 [runtime] (run:local)       ID.ory.SC_RNA_COUNTER_CS.SC_MULTI_CORE.MULTI_GEM_WELL_PROCESSOR.COUNT_GEM_WELL_PROCESSOR._BASIC_SC_RNA_COUNTER.WRITE_POS_BAM.fork0.chnk19.main
2021-02-09 00:01:43 [runtime] (run:local)       ID.ory.SC_RNA_COUNTER_CS.SC_MULTI_CORE.MULTI_GEM_WELL_PROCESSOR.COUNT_GEM_WELL_PROCESSOR._BASIC_SC_RNA_COUNTER.WRITE_POS_BAM.fork0.chnk20.main
2021-02-09 00:01:43 [runtime] (run:local)       ID.ory.SC_RNA_COUNTER_CS.SC_MULTI_CORE.MULTI_GEM_WELL_PROCESSOR.COUNT_GEM_WELL_PROCESSOR._BASIC_SC_RNA_COUNTER.WRITE_POS_BAM.fork0.chnk21.main
2021-02-09 00:01:43 [runtime] (run:local)       ID.ory.SC_RNA_COUNTER_CS.SC_MULTI_CORE.MULTI_GEM_WELL_PROCESSOR.COUNT_GEM_WELL_PROCESSOR._BASIC_SC_RNA_COUNTER.WRITE_POS_BAM.fork0.chnk22.main
2021-02-09 00:01:43 [runtime] (run:local)       ID.ory.SC_RNA_COUNTER_CS.SC_MULTI_CORE.MULTI_GEM_WELL_PROCESSOR.COUNT_GEM_WELL_PROCESSOR._BASIC_SC_RNA_COUNTER.WRITE_POS_BAM.fork0.chnk23.main
2021-02-09 00:01:43 [runtime] (run:local)       ID.ory.SC_RNA_COUNTER_CS.SC_MULTI_CORE.MULTI_GEM_WELL_PROCESSOR.COUNT_GEM_WELL_PROCESSOR._BASIC_SC_RNA_COUNTER.WRITE_POS_BAM.fork0.chnk24.main
2021-02-09 00:02:15 [runtime] (chunks_complete) ID.ory.SC_RNA_COUNTER_CS.SC_MULTI_CORE.MULTI_GEM_WELL_PROCESSOR.COUNT_GEM_WELL_PROCESSOR._BASIC_SC_RNA_COUNTER._MATRIX_COMPUTER.COLLATE_METRICS
2021-02-09 00:02:15 [runtime] (ready)           ID.ory.SC_RNA_COUNTER_CS.SC_MULTI_CORE.MULTI_GEM_WELL_PROCESSOR.COUNT_GEM_WELL_PROCESSOR._BASIC_SC_RNA_COUNTER._MATRIX_COMPUTER.MERGE_METRICS
2021-02-09 00:02:16 [runtime] (run:local)       ID.ory.SC_RNA_COUNTER_CS.SC_MULTI_CORE.MULTI_GEM_WELL_PROCESSOR.COUNT_GEM_WELL_PROCESSOR._BASIC_SC_RNA_COUNTER._MATRIX_COMPUTER.MERGE_METRICS.fork0.chnk0.main
2021-02-09 00:02:21 [runtime] (chunks_complete) ID.ory.SC_RNA_COUNTER_CS.SC_MULTI_CORE.MULTI_GEM_WELL_PROCESSOR.COUNT_GEM_WELL_PROCESSOR._BASIC_SC_RNA_COUNTER._MATRIX_COMPUTER.WRITE_H5_MATRIX
2021-02-09 00:02:22 [runtime] (ready)           ID.ory.SC_RNA_COUNTER_CS.SC_MULTI_CORE.MULTI_GEM_WELL_PROCESSOR.COUNT_GEM_WELL_PROCESSOR._BASIC_SC_RNA_COUNTER.FILTER_BARCODES
2021-02-09 00:02:22 [runtime] (run:local)       ID.ory.SC_RNA_COUNTER_CS.SC_MULTI_CORE.MULTI_GEM_WELL_PROCESSOR.COUNT_GEM_WELL_PROCESSOR._BASIC_SC_RNA_COUNTER.FILTER_BARCODES.fork0.split
2021-02-09 00:02:36 [runtime] (chunks_complete) ID.ory.SC_RNA_COUNTER_CS.SC_MULTI_CORE.MULTI_GEM_WELL_PROCESSOR.COUNT_GEM_WELL_PROCESSOR._BASIC_SC_RNA_COUNTER._MATRIX_COMPUTER.WRITE_MATRIX_MARKET
2021-02-09 00:04:50 [runtime] (chunks_complete) ID.ory.SC_RNA_COUNTER_CS.SC_MULTI_CORE.MULTI_GEM_WELL_PROCESSOR.COUNT_GEM_WELL_PROCESSOR._BASIC_SC_RNA_COUNTER._MATRIX_COMPUTER.WRITE_BARCODE_SUMMARY
2021-02-09 00:06:56 [runtime] (update)          ID.ory.SC_RNA_COUNTER_CS.SC_MULTI_CORE.MULTI_GEM_WELL_PROCESSOR.COUNT_GEM_WELL_PROCESSOR._BASIC_SC_RNA_COUNTER.WRITE_POS_BAM.fork0 chunks running (13/25 completed)
2021-02-09 00:09:31 [runtime] (update)          ID.ory.SC_RNA_COUNTER_CS.SC_MULTI_CORE.MULTI_GEM_WELL_PROCESSOR.COUNT_GEM_WELL_PROCESSOR._BASIC_SC_RNA_COUNTER.FILTER_BARCODES.fork0 split_running
2021-02-09 00:09:31 [runtime] (chunks_complete) ID.ory.SC_RNA_COUNTER_CS.SC_MULTI_CORE.MULTI_GEM_WELL_PROCESSOR.COUNT_GEM_WELL_PROCESSOR._BASIC_SC_RNA_COUNTER._MATRIX_COMPUTER.MERGE_METRICS
2021-02-09 00:10:02 [runtime] (split_complete)  ID.ory.SC_RNA_COUNTER_CS.SC_MULTI_CORE.MULTI_GEM_WELL_PROCESSOR.COUNT_GEM_WELL_PROCESSOR._BASIC_SC_RNA_COUNTER.FILTER_BARCODES
2021-02-09 00:10:02 [runtime] (run:local)       ID.ory.SC_RNA_COUNTER_CS.SC_MULTI_CORE.MULTI_GEM_WELL_PROCESSOR.COUNT_GEM_WELL_PROCESSOR._BASIC_SC_RNA_COUNTER.FILTER_BARCODES.fork0.join
2021-02-09 00:10:50 [runtime] (chunks_complete) ID.ory.SC_RNA_COUNTER_CS.SC_MULTI_CORE.MULTI_GEM_WELL_PROCESSOR.COUNT_GEM_WELL_PROCESSOR._BASIC_SC_RNA_COUNTER.WRITE_POS_BAM
2021-02-09 00:10:50 [runtime] (run:local)       ID.ory.SC_RNA_COUNTER_CS.SC_MULTI_CORE.MULTI_GEM_WELL_PROCESSOR.COUNT_GEM_WELL_PROCESSOR._BASIC_SC_RNA_COUNTER.WRITE_POS_BAM.fork0.join
2021-02-09 00:14:27 [runtime] (join_complete)   ID.ory.SC_RNA_COUNTER_CS.SC_MULTI_CORE.MULTI_GEM_WELL_PROCESSOR.COUNT_GEM_WELL_PROCESSOR._BASIC_SC_RNA_COUNTER.WRITE_POS_BAM
2021-02-09 00:16:05 [runtime] (update)          ID.ory.SC_RNA_COUNTER_CS.SC_MULTI_CORE.MULTI_GEM_WELL_PROCESSOR.COUNT_GEM_WELL_PROCESSOR._BASIC_SC_RNA_COUNTER.FILTER_BARCODES.fork0 join_running
2021-02-09 00:20:49 [runtime] (join_complete)   ID.ory.SC_RNA_COUNTER_CS.SC_MULTI_CORE.MULTI_GEM_WELL_PROCESSOR.COUNT_GEM_WELL_PROCESSOR._BASIC_SC_RNA_COUNTER.FILTER_BARCODES
2021-02-09 00:20:49 [runtime] (ready)           ID.ory.SC_RNA_COUNTER_CS.SC_MULTI_CORE.COUNT_ANALYZER.SC_RNA_ANALYZER.ANALYZER_PREFLIGHT
2021-02-09 00:20:49 [runtime] (run:local)       ID.ory.SC_RNA_COUNTER_CS.SC_MULTI_CORE.COUNT_ANALYZER.SC_RNA_ANALYZER.ANALYZER_PREFLIGHT.fork0.chnk0.main
2021-02-09 00:20:49 [runtime] (ready)           ID.ory.SC_RNA_COUNTER_CS.SC_MULTI_CORE.MULTI_GEM_WELL_PROCESSOR.VDJ_B_GEM_WELL_PROCESSOR.SC_VDJ_CONTIG_ASSEMBLER.HANDLE_GEX_CELLS
2021-02-09 00:20:49 [runtime] (ready)           ID.ory.SC_RNA_COUNTER_CS.SC_MULTI_CORE.MULTI_GEM_WELL_PROCESSOR.VDJ_T_GEM_WELL_PROCESSOR.SC_VDJ_CONTIG_ASSEMBLER.HANDLE_GEX_CELLS
2021-02-09 00:20:50 [runtime] (ready)           ID.ory.SC_RNA_COUNTER_CS.SC_MULTI_CORE.VDJ_B_CLONOTYPE_ASSIGNER.CLONOTYPE_ASSIGNER.RUN_ENCLONE
2021-02-09 00:20:50 [runtime] (ready)           ID.ory.SC_RNA_COUNTER_CS.SC_MULTI_CORE.MULTI_GEM_WELL_PROCESSOR.COUNT_GEM_WELL_PROCESSOR._BASIC_SC_RNA_COUNTER._CELLS_REPORTER.WRITE_MOLECULE_INFO
2021-02-09 00:20:50 [runtime] (run:local)       ID.ory.SC_RNA_COUNTER_CS.SC_MULTI_CORE.MULTI_GEM_WELL_PROCESSOR.COUNT_GEM_WELL_PROCESSOR._BASIC_SC_RNA_COUNTER._CELLS_REPORTER.WRITE_MOLECULE_INFO.fork0.chnk0.main
2021-02-09 00:20:50 [runtime] (ready)           ID.ory.SC_RNA_COUNTER_CS.SC_MULTI_CORE.VDJ_T_CLONOTYPE_ASSIGNER.CLONOTYPE_ASSIGNER.RUN_ENCLONE
2021-02-09 00:20:50 [runtime] (ready)           ID.ory.SC_RNA_COUNTER_CS.SC_MULTI_CORE.VDJ_B_CLONOTYPE_ASSIGNER.CLONOTYPE_ASSIGNER.WRITE_CLONOTYPE_OUTS
2021-02-09 00:20:50 [runtime] (ready)           ID.ory.SC_RNA_COUNTER_CS.SC_MULTI_CORE.VDJ_B_CLONOTYPE_ASSIGNER.CLONOTYPE_ASSIGNER.WRITE_CONSENSUS_TXT
2021-02-09 00:20:50 [runtime] (ready)           ID.ory.SC_RNA_COUNTER_CS.SC_MULTI_CORE.VDJ_B_CLONOTYPE_ASSIGNER.CLONOTYPE_ASSIGNER.FILL_CLONOTYPE_INFO
2021-02-09 00:20:51 [runtime] (ready)           ID.ory.SC_RNA_COUNTER_CS.SC_MULTI_CORE.MULTI_REPORTER.VDJ_B_REPORTER.VLOUPE_PREPROCESS
2021-02-09 00:20:51 [runtime] (ready)           ID.ory.SC_RNA_COUNTER_CS.SC_MULTI_CORE.MULTI_REPORTER.VDJ_T_REPORTER.VLOUPE_PREPROCESS
2021-02-09 00:20:51 [runtime] (ready)           ID.ory.SC_RNA_COUNTER_CS.SC_MULTI_CORE.VDJ_T_CLONOTYPE_ASSIGNER.CLONOTYPE_ASSIGNER.WRITE_CLONOTYPE_OUTS
2021-02-09 00:20:51 [runtime] (ready)           ID.ory.SC_RNA_COUNTER_CS.SC_MULTI_CORE.COPY_VDJ_REFERENCE
2021-02-09 00:20:51 [runtime] (ready)           ID.ory.SC_RNA_COUNTER_CS.SC_MULTI_CORE.VDJ_B_CLONOTYPE_ASSIGNER.CLONOTYPE_ASSIGNER.WRITE_CONSENSUS_BAM
2021-02-09 00:20:51 [runtime] (ready)           ID.ory.SC_RNA_COUNTER_CS.SC_MULTI_CORE.VDJ_B_CLONOTYPE_ASSIGNER.CLONOTYPE_ASSIGNER.WRITE_ANN_CSV
2021-02-09 00:20:51 [runtime] (ready)           ID.ory.SC_RNA_COUNTER_CS.SC_MULTI_CORE.VDJ_B_CLONOTYPE_ASSIGNER.CLONOTYPE_ASSIGNER.WRITE_CONCAT_REF_OUTS
2021-02-09 00:20:51 [runtime] (ready)           ID.ory.SC_RNA_COUNTER_CS.SC_MULTI_CORE.VDJ_T_CLONOTYPE_ASSIGNER.CLONOTYPE_ASSIGNER.FILL_CLONOTYPE_INFO
2021-02-09 00:20:51 [runtime] (ready)           ID.ory.SC_RNA_COUNTER_CS.SC_MULTI_CORE.VDJ_T_CLONOTYPE_ASSIGNER.CLONOTYPE_ASSIGNER.WRITE_CONSENSUS_TXT
2021-02-09 00:20:51 [runtime] (ready)           ID.ory.SC_RNA_COUNTER_CS.SC_MULTI_CORE.VDJ_B_CLONOTYPE_ASSIGNER.HANDLE_NO_VDJ_REF
2021-02-09 00:20:51 [runtime] (ready)           ID.ory.SC_RNA_COUNTER_CS.SC_MULTI_CORE.VDJ_B_CLONOTYPE_ASSIGNER.CLONOTYPE_ASSIGNER.CREATE_AIRR_TSV
2021-02-09 00:20:51 [runtime] (ready)           ID.ory.SC_RNA_COUNTER_CS.SC_MULTI_CORE.VDJ_T_CLONOTYPE_ASSIGNER.CLONOTYPE_ASSIGNER.WRITE_ANN_CSV
2021-02-09 00:20:51 [runtime] (ready)           ID.ory.SC_RNA_COUNTER_CS.SC_MULTI_CORE.VDJ_T_CLONOTYPE_ASSIGNER.HANDLE_NO_VDJ_REF
2021-02-09 00:20:51 [runtime] (ready)           ID.ory.SC_RNA_COUNTER_CS.SC_MULTI_CORE.VDJ_T_CLONOTYPE_ASSIGNER.CLONOTYPE_ASSIGNER.WRITE_CONCAT_REF_OUTS
2021-02-09 00:20:51 [runtime] (ready)           ID.ory.SC_RNA_COUNTER_CS.SC_MULTI_CORE.VDJ_T_CLONOTYPE_ASSIGNER.CLONOTYPE_ASSIGNER.WRITE_CONSENSUS_BAM
2021-02-09 00:20:51 [runtime] (ready)           ID.ory.SC_RNA_COUNTER_CS.SC_MULTI_CORE.MULTI_REPORTER.VDJ_B_REPORTER.WRITE_CONTIG_OUTS
2021-02-09 00:20:52 [runtime] (ready)           ID.ory.SC_RNA_COUNTER_CS.SC_MULTI_CORE.VDJ_T_CLONOTYPE_ASSIGNER.CLONOTYPE_ASSIGNER.CREATE_AIRR_TSV
2021-02-09 00:20:52 [runtime] (ready)           ID.ory.SC_RNA_COUNTER_CS.SC_MULTI_CORE.MULTI_REPORTER.VDJ_B_REPORTER.REPORT_CONTIGS
2021-02-09 00:20:52 [runtime] (ready)           ID.ory.SC_RNA_COUNTER_CS.SC_MULTI_CORE.MULTI_REPORTER.VDJ_T_REPORTER.WRITE_CONTIG_OUTS
2021-02-09 00:20:52 [runtime] (ready)           ID.ory.SC_RNA_COUNTER_CS.SC_MULTI_CORE.MULTI_REPORTER.VDJ_T_REPORTER.REPORT_CONTIGS
2021-02-09 00:20:52 [runtime] (ready)           ID.ory.SC_RNA_COUNTER_CS.SC_MULTI_CORE.MULTI_REPORTER.VDJ_B_REPORTER.SUMMARIZE_VDJ_REPORTS
2021-02-09 00:20:52 [runtime] (ready)           ID.ory.SC_RNA_COUNTER_CS.SC_MULTI_CORE.MULTI_REPORTER.VDJ_T_REPORTER.SUMMARIZE_VDJ_REPORTS
2021-02-09 00:20:52 [runtime] (ready)           ID.ory.SC_RNA_COUNTER_CS.SC_MULTI_CORE.MULTI_REPORTER.VDJ_T_REPORTER.WRITE_CONTIG_PROTO
2021-02-09 00:20:52 [runtime] (ready)           ID.ory.SC_RNA_COUNTER_CS.SC_MULTI_CORE.MULTI_REPORTER.VDJ_B_REPORTER.WRITE_CONTIG_PROTO
2021-02-09 00:21:04 [runtime] (chunks_complete) ID.ory.SC_RNA_COUNTER_CS.SC_MULTI_CORE.COUNT_ANALYZER.SC_RNA_ANALYZER.ANALYZER_PREFLIGHT
2021-02-09 00:21:04 [runtime] (ready)           ID.ory.SC_RNA_COUNTER_CS.SC_MULTI_CORE.COUNT_ANALYZER.SC_RNA_ANALYZER.PREPROCESS_MATRIX
2021-02-09 00:21:04 [runtime] (run:local)       ID.ory.SC_RNA_COUNTER_CS.SC_MULTI_CORE.COUNT_ANALYZER.SC_RNA_ANALYZER.PREPROCESS_MATRIX.fork0.split
2021-02-09 00:21:15 [runtime] (split_complete)  ID.ory.SC_RNA_COUNTER_CS.SC_MULTI_CORE.COUNT_ANALYZER.SC_RNA_ANALYZER.PREPROCESS_MATRIX
2021-02-09 00:21:15 [runtime] (run:local)       ID.ory.SC_RNA_COUNTER_CS.SC_MULTI_CORE.COUNT_ANALYZER.SC_RNA_ANALYZER.PREPROCESS_MATRIX.fork0.join
2021-02-09 00:21:44 [runtime] (join_complete)   ID.ory.SC_RNA_COUNTER_CS.SC_MULTI_CORE.COUNT_ANALYZER.SC_RNA_ANALYZER.PREPROCESS_MATRIX
2021-02-09 00:21:44 [runtime] (ready)           ID.ory.SC_RNA_COUNTER_CS.SC_MULTI_CORE.COUNT_ANALYZER.SC_RNA_ANALYZER.RUN_FBPCA
2021-02-09 00:21:44 [runtime] (ready)           ID.ory.SC_RNA_COUNTER_CS.SC_MULTI_CORE.COUNT_ANALYZER.SC_RNA_ANALYZER.RUN_MULTIGENOME_ANALYSIS
2021-02-09 00:21:44 [runtime] (run:local)       ID.ory.SC_RNA_COUNTER_CS.SC_MULTI_CORE.COUNT_ANALYZER.SC_RNA_ANALYZER.RUN_MULTIGENOME_ANALYSIS.fork0.split
2021-02-09 00:21:44 [runtime] (ready)           ID.ory.SC_RNA_COUNTER_CS.SC_MULTI_CORE.COUNT_ANALYZER.SC_RNA_ANALYZER.RUN_PCA
2021-02-09 00:21:44 [runtime] (run:local)       ID.ory.SC_RNA_COUNTER_CS.SC_MULTI_CORE.COUNT_ANALYZER.SC_RNA_ANALYZER.RUN_PCA.fork0.split
2021-02-09 00:21:44 [runtime] (ready)           ID.ory.SC_RNA_COUNTER_CS.SC_MULTI_CORE.COUNT_ANALYZER.SC_RNA_ANALYZER.CORRECT_CHEMISTRY_BATCH
2021-02-09 00:22:02 [runtime] (split_complete)  ID.ory.SC_RNA_COUNTER_CS.SC_MULTI_CORE.COUNT_ANALYZER.SC_RNA_ANALYZER.RUN_MULTIGENOME_ANALYSIS
2021-02-09 00:22:02 [runtime] (run:local)       ID.ory.SC_RNA_COUNTER_CS.SC_MULTI_CORE.COUNT_ANALYZER.SC_RNA_ANALYZER.RUN_MULTIGENOME_ANALYSIS.fork0.join
2021-02-09 00:22:03 [runtime] (split_complete)  ID.ory.SC_RNA_COUNTER_CS.SC_MULTI_CORE.COUNT_ANALYZER.SC_RNA_ANALYZER.RUN_PCA
2021-02-09 00:22:03 [runtime] (run:local)       ID.ory.SC_RNA_COUNTER_CS.SC_MULTI_CORE.COUNT_ANALYZER.SC_RNA_ANALYZER.RUN_PCA.fork0.chnk0.main
2021-02-09 00:22:17 [runtime] (join_complete)   ID.ory.SC_RNA_COUNTER_CS.SC_MULTI_CORE.COUNT_ANALYZER.SC_RNA_ANALYZER.RUN_MULTIGENOME_ANALYSIS
2021-02-09 00:22:45 [runtime] (chunks_complete) ID.ory.SC_RNA_COUNTER_CS.SC_MULTI_CORE.COUNT_ANALYZER.SC_RNA_ANALYZER.RUN_PCA
2021-02-09 00:22:46 [runtime] (run:local)       ID.ory.SC_RNA_COUNTER_CS.SC_MULTI_CORE.COUNT_ANALYZER.SC_RNA_ANALYZER.RUN_PCA.fork0.join
2021-02-09 00:22:57 [runtime] (join_complete)   ID.ory.SC_RNA_COUNTER_CS.SC_MULTI_CORE.COUNT_ANALYZER.SC_RNA_ANALYZER.RUN_PCA
2021-02-09 00:22:57 [runtime] (ready)           ID.ory.SC_RNA_COUNTER_CS.SC_MULTI_CORE.COUNT_ANALYZER.SC_RNA_ANALYZER.CHOOSE_DIMENSION_REDUCTION_OUTPUT
2021-02-09 00:22:57 [runtime] (run:local)       ID.ory.SC_RNA_COUNTER_CS.SC_MULTI_CORE.COUNT_ANALYZER.SC_RNA_ANALYZER.CHOOSE_DIMENSION_REDUCTION_OUTPUT.fork0.chnk0.main
2021-02-09 00:22:59 [runtime] (chunks_complete) ID.ory.SC_RNA_COUNTER_CS.SC_MULTI_CORE.COUNT_ANALYZER.SC_RNA_ANALYZER.CHOOSE_DIMENSION_REDUCTION_OUTPUT
2021-02-09 00:22:59 [runtime] (ready)           ID.ory.SC_RNA_COUNTER_CS.SC_MULTI_CORE.COUNT_ANALYZER.SC_RNA_ANALYZER.RUN_KMEANS
2021-02-09 00:22:59 [runtime] (run:local)       ID.ory.SC_RNA_COUNTER_CS.SC_MULTI_CORE.COUNT_ANALYZER.SC_RNA_ANALYZER.RUN_KMEANS.fork0.split
2021-02-09 00:22:59 [runtime] (ready)           ID.ory.SC_RNA_COUNTER_CS.SC_MULTI_CORE.COUNT_ANALYZER.SC_RNA_ANALYZER.RUN_GRAPH_CLUSTERING
2021-02-09 00:22:59 [runtime] (run:local)       ID.ory.SC_RNA_COUNTER_CS.SC_MULTI_CORE.COUNT_ANALYZER.SC_RNA_ANALYZER.RUN_GRAPH_CLUSTERING.fork0.split
2021-02-09 00:22:59 [runtime] (ready)           ID.ory.SC_RNA_COUNTER_CS.SC_MULTI_CORE.COUNT_ANALYZER.SC_RNA_ANALYZER.RUN_TSNE
2021-02-09 00:22:59 [runtime] (run:local)       ID.ory.SC_RNA_COUNTER_CS.SC_MULTI_CORE.COUNT_ANALYZER.SC_RNA_ANALYZER.RUN_TSNE.fork0.split
2021-02-09 00:22:59 [runtime] (ready)           ID.ory.SC_RNA_COUNTER_CS.SC_MULTI_CORE.COUNT_ANALYZER.SC_RNA_ANALYZER.RUN_UMAP
2021-02-09 00:22:59 [runtime] (run:local)       ID.ory.SC_RNA_COUNTER_CS.SC_MULTI_CORE.COUNT_ANALYZER.SC_RNA_ANALYZER.RUN_UMAP.fork0.split
2021-02-09 00:23:33 [runtime] (split_complete)  ID.ory.SC_RNA_COUNTER_CS.SC_MULTI_CORE.COUNT_ANALYZER.SC_RNA_ANALYZER.RUN_GRAPH_CLUSTERING
2021-02-09 00:23:33 [runtime] (run:local)       ID.ory.SC_RNA_COUNTER_CS.SC_MULTI_CORE.COUNT_ANALYZER.SC_RNA_ANALYZER.RUN_GRAPH_CLUSTERING.fork0.chnk0.main
2021-02-09 00:23:34 [runtime] (split_complete)  ID.ory.SC_RNA_COUNTER_CS.SC_MULTI_CORE.COUNT_ANALYZER.SC_RNA_ANALYZER.RUN_KMEANS
2021-02-09 00:23:34 [runtime] (run:local)       ID.ory.SC_RNA_COUNTER_CS.SC_MULTI_CORE.COUNT_ANALYZER.SC_RNA_ANALYZER.RUN_KMEANS.fork0.chnk0.main
2021-02-09 00:23:34 [runtime] (run:local)       ID.ory.SC_RNA_COUNTER_CS.SC_MULTI_CORE.COUNT_ANALYZER.SC_RNA_ANALYZER.RUN_KMEANS.fork0.chnk1.main
2021-02-09 00:23:34 [runtime] (run:local)       ID.ory.SC_RNA_COUNTER_CS.SC_MULTI_CORE.COUNT_ANALYZER.SC_RNA_ANALYZER.RUN_KMEANS.fork0.chnk2.main
2021-02-09 00:23:34 [runtime] (run:local)       ID.ory.SC_RNA_COUNTER_CS.SC_MULTI_CORE.COUNT_ANALYZER.SC_RNA_ANALYZER.RUN_KMEANS.fork0.chnk3.main
2021-02-09 00:23:34 [runtime] (run:local)       ID.ory.SC_RNA_COUNTER_CS.SC_MULTI_CORE.COUNT_ANALYZER.SC_RNA_ANALYZER.RUN_KMEANS.fork0.chnk4.main
2021-02-09 00:23:35 [runtime] (run:local)       ID.ory.SC_RNA_COUNTER_CS.SC_MULTI_CORE.COUNT_ANALYZER.SC_RNA_ANALYZER.RUN_KMEANS.fork0.chnk5.main
2021-02-09 00:23:35 [runtime] (run:local)       ID.ory.SC_RNA_COUNTER_CS.SC_MULTI_CORE.COUNT_ANALYZER.SC_RNA_ANALYZER.RUN_KMEANS.fork0.chnk6.main
2021-02-09 00:23:35 [runtime] (run:local)       ID.ory.SC_RNA_COUNTER_CS.SC_MULTI_CORE.COUNT_ANALYZER.SC_RNA_ANALYZER.RUN_KMEANS.fork0.chnk7.main
2021-02-09 00:23:35 [runtime] (run:local)       ID.ory.SC_RNA_COUNTER_CS.SC_MULTI_CORE.COUNT_ANALYZER.SC_RNA_ANALYZER.RUN_KMEANS.fork0.chnk8.main
2021-02-09 00:23:36 [runtime] (split_complete)  ID.ory.SC_RNA_COUNTER_CS.SC_MULTI_CORE.COUNT_ANALYZER.SC_RNA_ANALYZER.RUN_TSNE
2021-02-09 00:23:36 [runtime] (run:local)       ID.ory.SC_RNA_COUNTER_CS.SC_MULTI_CORE.COUNT_ANALYZER.SC_RNA_ANALYZER.RUN_TSNE.fork0.chnk0.main
2021-02-09 00:23:36 [runtime] (run:local)       ID.ory.SC_RNA_COUNTER_CS.SC_MULTI_CORE.COUNT_ANALYZER.SC_RNA_ANALYZER.RUN_TSNE.fork0.chnk1.main
2021-02-09 00:23:50 [runtime] (chunks_complete) ID.ory.SC_RNA_COUNTER_CS.SC_MULTI_CORE.MULTI_GEM_WELL_PROCESSOR.COUNT_GEM_WELL_PROCESSOR._BASIC_SC_RNA_COUNTER._CELLS_REPORTER.WRITE_MOLECULE_INFO
2021-02-09 00:23:55 [runtime] (ready)           ID.ory.SC_RNA_COUNTER_CS.SC_MULTI_CORE.MULTI_GEM_WELL_PROCESSOR.COUNT_GEM_WELL_PROCESSOR._TARGETED_ANALYZER.SUBSAMPLE_OFF_TARGET_READS
2021-02-09 00:23:56 [runtime] (ready)           ID.ory.SC_RNA_COUNTER_CS.SC_MULTI_CORE.MULTI_GEM_WELL_PROCESSOR.COUNT_GEM_WELL_PROCESSOR._BASIC_SC_RNA_COUNTER._CELLS_REPORTER.SUBSAMPLE_READS
2021-02-09 00:23:56 [runtime] (run:local)       ID.ory.SC_RNA_COUNTER_CS.SC_MULTI_CORE.MULTI_GEM_WELL_PROCESSOR.COUNT_GEM_WELL_PROCESSOR._BASIC_SC_RNA_COUNTER._CELLS_REPORTER.SUBSAMPLE_READS.fork0.split
2021-02-09 00:23:56 [runtime] (ready)           ID.ory.SC_RNA_COUNTER_CS.SC_MULTI_CORE.MULTI_GEM_WELL_PROCESSOR.COUNT_GEM_WELL_PROCESSOR._TARGETED_ANALYZER.SUBSAMPLE_ON_TARGET_READS
2021-02-09 00:24:42 [runtime] (split_complete)  ID.ory.SC_RNA_COUNTER_CS.SC_MULTI_CORE.COUNT_ANALYZER.SC_RNA_ANALYZER.RUN_UMAP
2021-02-09 00:24:43 [runtime] (run:local)       ID.ory.SC_RNA_COUNTER_CS.SC_MULTI_CORE.COUNT_ANALYZER.SC_RNA_ANALYZER.RUN_UMAP.fork0.chnk0.main
2021-02-09 00:24:43 [runtime] (run:local)       ID.ory.SC_RNA_COUNTER_CS.SC_MULTI_CORE.COUNT_ANALYZER.SC_RNA_ANALYZER.RUN_UMAP.fork0.chnk1.main
2021-02-09 00:25:29 [runtime] (chunks_complete) ID.ory.SC_RNA_COUNTER_CS.SC_MULTI_CORE.COUNT_ANALYZER.SC_RNA_ANALYZER.RUN_GRAPH_CLUSTERING
2021-02-09 00:25:29 [runtime] (run:local)       ID.ory.SC_RNA_COUNTER_CS.SC_MULTI_CORE.COUNT_ANALYZER.SC_RNA_ANALYZER.RUN_GRAPH_CLUSTERING.fork0.join
2021-02-09 00:25:36 [runtime] (split_complete)  ID.ory.SC_RNA_COUNTER_CS.SC_MULTI_CORE.MULTI_GEM_WELL_PROCESSOR.COUNT_GEM_WELL_PROCESSOR._BASIC_SC_RNA_COUNTER._CELLS_REPORTER.SUBSAMPLE_READS
2021-02-09 00:25:36 [runtime] (run:local)       ID.ory.SC_RNA_COUNTER_CS.SC_MULTI_CORE.MULTI_GEM_WELL_PROCESSOR.COUNT_GEM_WELL_PROCESSOR._BASIC_SC_RNA_COUNTER._CELLS_REPORTER.SUBSAMPLE_READS.fork0.chnk00.main
2021-02-09 00:25:36 [runtime] (run:local)       ID.ory.SC_RNA_COUNTER_CS.SC_MULTI_CORE.MULTI_GEM_WELL_PROCESSOR.COUNT_GEM_WELL_PROCESSOR._BASIC_SC_RNA_COUNTER._CELLS_REPORTER.SUBSAMPLE_READS.fork0.chnk01.main
2021-02-09 00:25:36 [runtime] (run:local)       ID.ory.SC_RNA_COUNTER_CS.SC_MULTI_CORE.MULTI_GEM_WELL_PROCESSOR.COUNT_GEM_WELL_PROCESSOR._BASIC_SC_RNA_COUNTER._CELLS_REPORTER.SUBSAMPLE_READS.fork0.chnk02.main
2021-02-09 00:25:37 [runtime] (run:local)       ID.ory.SC_RNA_COUNTER_CS.SC_MULTI_CORE.MULTI_GEM_WELL_PROCESSOR.COUNT_GEM_WELL_PROCESSOR._BASIC_SC_RNA_COUNTER._CELLS_REPORTER.SUBSAMPLE_READS.fork0.chnk03.main
2021-02-09 00:25:37 [runtime] (run:local)       ID.ory.SC_RNA_COUNTER_CS.SC_MULTI_CORE.MULTI_GEM_WELL_PROCESSOR.COUNT_GEM_WELL_PROCESSOR._BASIC_SC_RNA_COUNTER._CELLS_REPORTER.SUBSAMPLE_READS.fork0.chnk04.main
2021-02-09 00:25:37 [runtime] (run:local)       ID.ory.SC_RNA_COUNTER_CS.SC_MULTI_CORE.MULTI_GEM_WELL_PROCESSOR.COUNT_GEM_WELL_PROCESSOR._BASIC_SC_RNA_COUNTER._CELLS_REPORTER.SUBSAMPLE_READS.fork0.chnk05.main
2021-02-09 00:25:37 [runtime] (run:local)       ID.ory.SC_RNA_COUNTER_CS.SC_MULTI_CORE.MULTI_GEM_WELL_PROCESSOR.COUNT_GEM_WELL_PROCESSOR._BASIC_SC_RNA_COUNTER._CELLS_REPORTER.SUBSAMPLE_READS.fork0.chnk06.main
2021-02-09 00:25:37 [runtime] (run:local)       ID.ory.SC_RNA_COUNTER_CS.SC_MULTI_CORE.MULTI_GEM_WELL_PROCESSOR.COUNT_GEM_WELL_PROCESSOR._BASIC_SC_RNA_COUNTER._CELLS_REPORTER.SUBSAMPLE_READS.fork0.chnk07.main
2021-02-09 00:25:37 [runtime] (run:local)       ID.ory.SC_RNA_COUNTER_CS.SC_MULTI_CORE.MULTI_GEM_WELL_PROCESSOR.COUNT_GEM_WELL_PROCESSOR._BASIC_SC_RNA_COUNTER._CELLS_REPORTER.SUBSAMPLE_READS.fork0.chnk08.main
2021-02-09 00:25:37 [runtime] (run:local)       ID.ory.SC_RNA_COUNTER_CS.SC_MULTI_CORE.MULTI_GEM_WELL_PROCESSOR.COUNT_GEM_WELL_PROCESSOR._BASIC_SC_RNA_COUNTER._CELLS_REPORTER.SUBSAMPLE_READS.fork0.chnk09.main
2021-02-09 00:25:44 [runtime] (chunks_complete) ID.ory.SC_RNA_COUNTER_CS.SC_MULTI_CORE.COUNT_ANALYZER.SC_RNA_ANALYZER.RUN_KMEANS
2021-02-09 00:25:45 [runtime] (run:local)       ID.ory.SC_RNA_COUNTER_CS.SC_MULTI_CORE.COUNT_ANALYZER.SC_RNA_ANALYZER.RUN_KMEANS.fork0.join
2021-02-09 00:26:12 [runtime] (chunks_complete) ID.ory.SC_RNA_COUNTER_CS.SC_MULTI_CORE.COUNT_ANALYZER.SC_RNA_ANALYZER.RUN_TSNE
2021-02-09 00:26:12 [runtime] (run:local)       ID.ory.SC_RNA_COUNTER_CS.SC_MULTI_CORE.COUNT_ANALYZER.SC_RNA_ANALYZER.RUN_TSNE.fork0.join
2021-02-09 00:27:17 [runtime] (join_complete)   ID.ory.SC_RNA_COUNTER_CS.SC_MULTI_CORE.COUNT_ANALYZER.SC_RNA_ANALYZER.RUN_KMEANS
2021-02-09 00:27:29 [runtime] (join_complete)   ID.ory.SC_RNA_COUNTER_CS.SC_MULTI_CORE.COUNT_ANALYZER.SC_RNA_ANALYZER.RUN_TSNE
2021-02-09 00:27:30 [runtime] (join_complete)   ID.ory.SC_RNA_COUNTER_CS.SC_MULTI_CORE.COUNT_ANALYZER.SC_RNA_ANALYZER.RUN_GRAPH_CLUSTERING
2021-02-09 00:27:30 [runtime] (ready)           ID.ory.SC_RNA_COUNTER_CS.SC_MULTI_CORE.COUNT_ANALYZER.SC_RNA_ANALYZER.MERGE_CLUSTERS
2021-02-09 00:27:30 [runtime] (run:local)       ID.ory.SC_RNA_COUNTER_CS.SC_MULTI_CORE.COUNT_ANALYZER.SC_RNA_ANALYZER.MERGE_CLUSTERS.fork0.split
2021-02-09 00:27:43 [runtime] (split_complete)  ID.ory.SC_RNA_COUNTER_CS.SC_MULTI_CORE.COUNT_ANALYZER.SC_RNA_ANALYZER.MERGE_CLUSTERS
2021-02-09 00:27:43 [runtime] (run:local)       ID.ory.SC_RNA_COUNTER_CS.SC_MULTI_CORE.COUNT_ANALYZER.SC_RNA_ANALYZER.MERGE_CLUSTERS.fork0.chnk0.main
2021-02-09 00:27:54 [runtime] (chunks_complete) ID.ory.SC_RNA_COUNTER_CS.SC_MULTI_CORE.COUNT_ANALYZER.SC_RNA_ANALYZER.MERGE_CLUSTERS
2021-02-09 00:27:54 [runtime] (run:local)       ID.ory.SC_RNA_COUNTER_CS.SC_MULTI_CORE.COUNT_ANALYZER.SC_RNA_ANALYZER.MERGE_CLUSTERS.fork0.join
2021-02-09 00:28:04 [runtime] (chunks_complete) ID.ory.SC_RNA_COUNTER_CS.SC_MULTI_CORE.COUNT_ANALYZER.SC_RNA_ANALYZER.RUN_UMAP
2021-02-09 00:28:04 [runtime] (run:local)       ID.ory.SC_RNA_COUNTER_CS.SC_MULTI_CORE.COUNT_ANALYZER.SC_RNA_ANALYZER.RUN_UMAP.fork0.join
2021-02-09 00:28:22 [runtime] (join_complete)   ID.ory.SC_RNA_COUNTER_CS.SC_MULTI_CORE.COUNT_ANALYZER.SC_RNA_ANALYZER.RUN_UMAP
2021-02-09 00:28:40 [runtime] (join_complete)   ID.ory.SC_RNA_COUNTER_CS.SC_MULTI_CORE.COUNT_ANALYZER.SC_RNA_ANALYZER.MERGE_CLUSTERS
2021-02-09 00:28:40 [runtime] (ready)           ID.ory.SC_RNA_COUNTER_CS.SC_MULTI_CORE.COUNT_ANALYZER.SC_RNA_ANALYZER.COMBINE_CLUSTERING
2021-02-09 00:28:40 [runtime] (run:local)       ID.ory.SC_RNA_COUNTER_CS.SC_MULTI_CORE.COUNT_ANALYZER.SC_RNA_ANALYZER.COMBINE_CLUSTERING.fork0.chnk0.main
2021-02-09 00:28:44 [runtime] (chunks_complete) ID.ory.SC_RNA_COUNTER_CS.SC_MULTI_CORE.COUNT_ANALYZER.SC_RNA_ANALYZER.COMBINE_CLUSTERING
2021-02-09 00:28:44 [runtime] (ready)           ID.ory.SC_RNA_COUNTER_CS.SC_MULTI_CORE.COUNT_ANALYZER.SC_RNA_ANALYZER.RUN_DIFFERENTIAL_EXPRESSION
2021-02-09 00:28:44 [runtime] (run:local)       ID.ory.SC_RNA_COUNTER_CS.SC_MULTI_CORE.COUNT_ANALYZER.SC_RNA_ANALYZER.RUN_DIFFERENTIAL_EXPRESSION.fork0.split
2021-02-09 00:28:55 [runtime] (split_complete)  ID.ory.SC_RNA_COUNTER_CS.SC_MULTI_CORE.COUNT_ANALYZER.SC_RNA_ANALYZER.RUN_DIFFERENTIAL_EXPRESSION
2021-02-09 00:28:55 [runtime] (run:local)       ID.ory.SC_RNA_COUNTER_CS.SC_MULTI_CORE.COUNT_ANALYZER.SC_RNA_ANALYZER.RUN_DIFFERENTIAL_EXPRESSION.fork0.chnk00.main
2021-02-09 00:28:55 [runtime] (run:local)       ID.ory.SC_RNA_COUNTER_CS.SC_MULTI_CORE.COUNT_ANALYZER.SC_RNA_ANALYZER.RUN_DIFFERENTIAL_EXPRESSION.fork0.chnk01.main
2021-02-09 00:28:55 [runtime] (run:local)       ID.ory.SC_RNA_COUNTER_CS.SC_MULTI_CORE.COUNT_ANALYZER.SC_RNA_ANALYZER.RUN_DIFFERENTIAL_EXPRESSION.fork0.chnk02.main
2021-02-09 00:28:56 [runtime] (run:local)       ID.ory.SC_RNA_COUNTER_CS.SC_MULTI_CORE.COUNT_ANALYZER.SC_RNA_ANALYZER.RUN_DIFFERENTIAL_EXPRESSION.fork0.chnk03.main
2021-02-09 00:28:56 [runtime] (run:local)       ID.ory.SC_RNA_COUNTER_CS.SC_MULTI_CORE.COUNT_ANALYZER.SC_RNA_ANALYZER.RUN_DIFFERENTIAL_EXPRESSION.fork0.chnk04.main
2021-02-09 00:28:56 [runtime] (run:local)       ID.ory.SC_RNA_COUNTER_CS.SC_MULTI_CORE.COUNT_ANALYZER.SC_RNA_ANALYZER.RUN_DIFFERENTIAL_EXPRESSION.fork0.chnk05.main
2021-02-09 00:28:56 [runtime] (run:local)       ID.ory.SC_RNA_COUNTER_CS.SC_MULTI_CORE.COUNT_ANALYZER.SC_RNA_ANALYZER.RUN_DIFFERENTIAL_EXPRESSION.fork0.chnk06.main
2021-02-09 00:28:56 [runtime] (run:local)       ID.ory.SC_RNA_COUNTER_CS.SC_MULTI_CORE.COUNT_ANALYZER.SC_RNA_ANALYZER.RUN_DIFFERENTIAL_EXPRESSION.fork0.chnk07.main
2021-02-09 00:28:56 [runtime] (run:local)       ID.ory.SC_RNA_COUNTER_CS.SC_MULTI_CORE.COUNT_ANALYZER.SC_RNA_ANALYZER.RUN_DIFFERENTIAL_EXPRESSION.fork0.chnk08.main
2021-02-09 00:28:56 [runtime] (run:local)       ID.ory.SC_RNA_COUNTER_CS.SC_MULTI_CORE.COUNT_ANALYZER.SC_RNA_ANALYZER.RUN_DIFFERENTIAL_EXPRESSION.fork0.chnk09.main
2021-02-09 00:31:39 [runtime] (update)          ID.ory.SC_RNA_COUNTER_CS.SC_MULTI_CORE.MULTI_GEM_WELL_PROCESSOR.COUNT_GEM_WELL_PROCESSOR._BASIC_SC_RNA_COUNTER._CELLS_REPORTER.SUBSAMPLE_READS.fork0 chunks running (0/10 completed)
2021-02-09 00:34:22 [runtime] (update)          ID.ory.SC_RNA_COUNTER_CS.SC_MULTI_CORE.COUNT_ANALYZER.SC_RNA_ANALYZER.RUN_DIFFERENTIAL_EXPRESSION.fork0 chunks running (7/10 completed)
2021-02-09 00:37:20 [runtime] (chunks_complete) ID.ory.SC_RNA_COUNTER_CS.SC_MULTI_CORE.COUNT_ANALYZER.SC_RNA_ANALYZER.RUN_DIFFERENTIAL_EXPRESSION
2021-02-09 00:37:20 [runtime] (run:local)       ID.ory.SC_RNA_COUNTER_CS.SC_MULTI_CORE.COUNT_ANALYZER.SC_RNA_ANALYZER.RUN_DIFFERENTIAL_EXPRESSION.fork0.join
2021-02-09 00:37:37 [runtime] (join_complete)   ID.ory.SC_RNA_COUNTER_CS.SC_MULTI_CORE.COUNT_ANALYZER.SC_RNA_ANALYZER.RUN_DIFFERENTIAL_EXPRESSION
2021-02-09 00:37:37 [runtime] (ready)           ID.ory.SC_RNA_COUNTER_CS.SC_MULTI_CORE.COUNT_ANALYZER.SC_RNA_ANALYZER.SUMMARIZE_ANALYSIS
2021-02-09 00:37:37 [runtime] (run:local)       ID.ory.SC_RNA_COUNTER_CS.SC_MULTI_CORE.COUNT_ANALYZER.SC_RNA_ANALYZER.SUMMARIZE_ANALYSIS.fork0.split
2021-02-09 00:37:41 [runtime] (update)          ID.ory.SC_RNA_COUNTER_CS.SC_MULTI_CORE.MULTI_GEM_WELL_PROCESSOR.COUNT_GEM_WELL_PROCESSOR._BASIC_SC_RNA_COUNTER._CELLS_REPORTER.SUBSAMPLE_READS.fork0 chunks running (0/10 completed)
2021-02-09 00:37:41 [runtime] (split_complete)  ID.ory.SC_RNA_COUNTER_CS.SC_MULTI_CORE.COUNT_ANALYZER.SC_RNA_ANALYZER.SUMMARIZE_ANALYSIS
2021-02-09 00:37:41 [runtime] (run:local)       ID.ory.SC_RNA_COUNTER_CS.SC_MULTI_CORE.COUNT_ANALYZER.SC_RNA_ANALYZER.SUMMARIZE_ANALYSIS.fork0.chnk0.main
2021-02-09 00:37:49 [runtime] (chunks_complete) ID.ory.SC_RNA_COUNTER_CS.SC_MULTI_CORE.COUNT_ANALYZER.SC_RNA_ANALYZER.SUMMARIZE_ANALYSIS
2021-02-09 00:37:49 [runtime] (run:local)       ID.ory.SC_RNA_COUNTER_CS.SC_MULTI_CORE.COUNT_ANALYZER.SC_RNA_ANALYZER.SUMMARIZE_ANALYSIS.fork0.join
2021-02-09 00:37:55 [runtime] (join_complete)   ID.ory.SC_RNA_COUNTER_CS.SC_MULTI_CORE.COUNT_ANALYZER.SC_RNA_ANALYZER.SUMMARIZE_ANALYSIS
2021-02-09 00:40:09 [runtime] (chunks_complete) ID.ory.SC_RNA_COUNTER_CS.SC_MULTI_CORE.MULTI_GEM_WELL_PROCESSOR.COUNT_GEM_WELL_PROCESSOR._BASIC_SC_RNA_COUNTER._CELLS_REPORTER.SUBSAMPLE_READS
2021-02-09 00:40:09 [runtime] (run:local)       ID.ory.SC_RNA_COUNTER_CS.SC_MULTI_CORE.MULTI_GEM_WELL_PROCESSOR.COUNT_GEM_WELL_PROCESSOR._BASIC_SC_RNA_COUNTER._CELLS_REPORTER.SUBSAMPLE_READS.fork0.join
2021-02-09 00:40:25 [runtime] (join_complete)   ID.ory.SC_RNA_COUNTER_CS.SC_MULTI_CORE.MULTI_GEM_WELL_PROCESSOR.COUNT_GEM_WELL_PROCESSOR._BASIC_SC_RNA_COUNTER._CELLS_REPORTER.SUBSAMPLE_READS
2021-02-09 00:40:26 [runtime] (ready)           ID.ory.SC_RNA_COUNTER_CS.SC_MULTI_CORE.MULTI_GEM_WELL_PROCESSOR.COUNT_GEM_WELL_PROCESSOR._BASIC_SC_RNA_COUNTER._CELLS_REPORTER.SUMMARIZE_BASIC_REPORTS
2021-02-09 00:40:26 [runtime] (run:local)       ID.ory.SC_RNA_COUNTER_CS.SC_MULTI_CORE.MULTI_GEM_WELL_PROCESSOR.COUNT_GEM_WELL_PROCESSOR._BASIC_SC_RNA_COUNTER._CELLS_REPORTER.SUMMARIZE_BASIC_REPORTS.fork0.split
2021-02-09 00:40:38 [runtime] (split_complete)  ID.ory.SC_RNA_COUNTER_CS.SC_MULTI_CORE.MULTI_GEM_WELL_PROCESSOR.COUNT_GEM_WELL_PROCESSOR._BASIC_SC_RNA_COUNTER._CELLS_REPORTER.SUMMARIZE_BASIC_REPORTS
2021-02-09 00:40:38 [runtime] (run:local)       ID.ory.SC_RNA_COUNTER_CS.SC_MULTI_CORE.MULTI_GEM_WELL_PROCESSOR.COUNT_GEM_WELL_PROCESSOR._BASIC_SC_RNA_COUNTER._CELLS_REPORTER.SUMMARIZE_BASIC_REPORTS.fork0.join
2021-02-09 00:42:11 [runtime] (join_complete)   ID.ory.SC_RNA_COUNTER_CS.SC_MULTI_CORE.MULTI_GEM_WELL_PROCESSOR.COUNT_GEM_WELL_PROCESSOR._BASIC_SC_RNA_COUNTER._CELLS_REPORTER.SUMMARIZE_BASIC_REPORTS
2021-02-09 00:42:11 [runtime] (ready)           ID.ory.SC_RNA_COUNTER_CS.SC_MULTI_CORE.MULTI_GEM_WELL_PROCESSOR.COUNT_GEM_WELL_PROCESSOR._TARGETED_ANALYZER.CALCULATE_TARGETED_METRICS
2021-02-09 00:42:12 [runtime] (ready)           ID.ory.SC_RNA_COUNTER_CS.SC_MULTI_CORE.MULTI_GEM_WELL_PROCESSOR.COUNT_GEM_WELL_PROCESSOR._TARGETED_ANALYZER.SUMMARIZE_TARGETED_ANALYSIS
2021-02-09 00:42:12 [runtime] (ready)           ID.ory.SC_RNA_COUNTER_CS.SC_MULTI_CORE.COUNT_ANALYZER._CRISPR_ANALYZER.CALL_PROTOSPACERS
2021-02-09 00:42:13 [runtime] (ready)           ID.ory.SC_RNA_COUNTER_CS.SC_MULTI_CORE.MULTI_REPORTER.SUMMARIZE_REPORTS
2021-02-09 00:42:13 [runtime] (run:local)       ID.ory.SC_RNA_COUNTER_CS.SC_MULTI_CORE.MULTI_REPORTER.SUMMARIZE_REPORTS.fork0.chnk0.main
2021-02-09 00:42:13 [runtime] (ready)           ID.ory.SC_RNA_COUNTER_CS.SC_MULTI_CORE.COUNT_ANALYZER._CRISPR_ANALYZER._PERTURBATIONS_BY_FEATURE
2021-02-09 00:42:13 [runtime] (ready)           ID.ory.SC_RNA_COUNTER_CS.SC_MULTI_CORE.COUNT_ANALYZER._CRISPR_ANALYZER._PERTURBATIONS_BY_TARGET
2021-02-09 00:42:13 [runtime] (ready)           ID.ory.SC_RNA_COUNTER_CS.SC_MULTI_CORE.COUNT_ANALYZER._CRISPR_ANALYZER.SUMMARIZE_CRISPR_ANALYSIS
2021-02-09 00:42:54 [runtime] (chunks_complete) ID.ory.SC_RNA_COUNTER_CS.SC_MULTI_CORE.MULTI_REPORTER.SUMMARIZE_REPORTS
2021-02-09 00:42:54 [runtime] (ready)           ID.ory.SC_RNA_COUNTER_CS.SC_MULTI_CORE.MULTI_REPORTER.BUILD_MULTI_WEB_SUMMARY
2021-02-09 00:42:54 [runtime] (run:local)       ID.ory.SC_RNA_COUNTER_CS.SC_MULTI_CORE.MULTI_REPORTER.BUILD_MULTI_WEB_SUMMARY.fork0.chnk0.main
2021-02-09 00:42:54 [runtime] (ready)           ID.ory.SC_RNA_COUNTER_CS.SC_MULTI_CORE.MULTI_REPORTER.CLOUPE_PREPROCESS
2021-02-09 00:42:54 [runtime] (run:local)       ID.ory.SC_RNA_COUNTER_CS.SC_MULTI_CORE.MULTI_REPORTER.CLOUPE_PREPROCESS.fork0.split
2021-02-09 00:42:57 [runtime] (chunks_complete) ID.ory.SC_RNA_COUNTER_CS.SC_MULTI_CORE.MULTI_REPORTER.BUILD_MULTI_WEB_SUMMARY
2021-02-09 00:43:05 [runtime] (split_complete)  ID.ory.SC_RNA_COUNTER_CS.SC_MULTI_CORE.MULTI_REPORTER.CLOUPE_PREPROCESS
2021-02-09 00:43:05 [runtime] (run:local)       ID.ory.SC_RNA_COUNTER_CS.SC_MULTI_CORE.MULTI_REPORTER.CLOUPE_PREPROCESS.fork0.chnk0.main
2021-02-09 00:44:01 [runtime] (chunks_complete) ID.ory.SC_RNA_COUNTER_CS.SC_MULTI_CORE.MULTI_REPORTER.CLOUPE_PREPROCESS
2021-02-09 00:44:01 [runtime] (run:local)       ID.ory.SC_RNA_COUNTER_CS.SC_MULTI_CORE.MULTI_REPORTER.CLOUPE_PREPROCESS.fork0.join
2021-02-09 00:44:13 [runtime] (join_complete)   ID.ory.SC_RNA_COUNTER_CS.SC_MULTI_CORE.MULTI_REPORTER.CLOUPE_PREPROCESS

Outputs:
- Run summary HTML:                         /home/groups/MaxsonLab/analysis/scrna/primary/dmso_ory_patient2/ory/outs/web_summary.html
- Run summary CSV:                          /home/groups/MaxsonLab/analysis/scrna/primary/dmso_ory_patient2/ory/outs/metrics_summary.csv
- BAM:                                      /home/groups/MaxsonLab/analysis/scrna/primary/dmso_ory_patient2/ory/outs/possorted_genome_bam.bam
- BAM index:                                /home/groups/MaxsonLab/analysis/scrna/primary/dmso_ory_patient2/ory/outs/possorted_genome_bam.bam.bai
- Filtered feature-barcode matrices MEX:    /home/groups/MaxsonLab/analysis/scrna/primary/dmso_ory_patient2/ory/outs/filtered_feature_bc_matrix
- Filtered feature-barcode matrices HDF5:   /home/groups/MaxsonLab/analysis/scrna/primary/dmso_ory_patient2/ory/outs/filtered_feature_bc_matrix.h5
- Unfiltered feature-barcode matrices MEX:  /home/groups/MaxsonLab/analysis/scrna/primary/dmso_ory_patient2/ory/outs/raw_feature_bc_matrix
- Unfiltered feature-barcode matrices HDF5: /home/groups/MaxsonLab/analysis/scrna/primary/dmso_ory_patient2/ory/outs/raw_feature_bc_matrix.h5
- Secondary analysis output CSV:            /home/groups/MaxsonLab/analysis/scrna/primary/dmso_ory_patient2/ory/outs/analysis
- Per-molecule read information:            /home/groups/MaxsonLab/analysis/scrna/primary/dmso_ory_patient2/ory/outs/molecule_info.h5
- CRISPR-specific analysis:                 null
- Loupe Browser file:                       /home/groups/MaxsonLab/analysis/scrna/primary/dmso_ory_patient2/ory/outs/cloupe.cloupe
- Feature Reference:                        /home/groups/MaxsonLab/analysis/scrna/primary/dmso_ory_patient2/ory/outs/feature_reference.csv
- Target Panel File:                        null

Waiting 6 seconds for UI to do final refresh.
Pipestance completed successfully!

2021-02-09 00:44:23 Shutting down.
